{"error":{},"level":"error","message":"uncaughtException: this.getAgent is not a function\nTypeError: this.getAgent is not a function\n    at new User (/workspaces/BonziWORLD-Anony-Edition-Remastered/meat.js:1660:17)\n    at Namespace.<anonymous> (/workspaces/BonziWORLD-Anony-Edition-Remastered/meat.js:164:5)\n    at Namespace.emit (node:events:524:28)\n    at Namespace.emit (/workspaces/BonziWORLD-Anony-Edition-Remastered/node_modules/socket.io/lib/namespace.js:213:10)\n    at /workspaces/BonziWORLD-Anony-Edition-Remastered/node_modules/socket.io/lib/namespace.js:181:14\n    at process.processTicksAndRejections (node:internal/process/task_queues:77:11)","stack":"TypeError: this.getAgent is not a function\n    at new User (/workspaces/BonziWORLD-Anony-Edition-Remastered/meat.js:1660:17)\n    at Namespace.<anonymous> (/workspaces/BonziWORLD-Anony-Edition-Remastered/meat.js:164:5)\n    at Namespace.emit (node:events:524:28)\n    at Namespace.emit (/workspaces/BonziWORLD-Anony-Edition-Remastered/node_modules/socket.io/lib/namespace.js:213:10)\n    at /workspaces/BonziWORLD-Anony-Edition-Remastered/node_modules/socket.io/lib/namespace.js:181:14\n    at process.processTicksAndRejections (node:internal/process/task_queues:77:11)","exception":true,"date":"Thu Apr 10 2025 18:05:42 GMT+0000 (Coordinated Universal Time)","process":{"pid":11135,"uid":1000,"gid":1000,"cwd":"/workspaces/BonziWORLD-Anony-Edition-Remastered","execPath":"/usr/local/share/nvm/versions/node/v20.19.0/bin/node","version":"v20.19.0","argv":["/usr/local/share/nvm/versions/node/v20.19.0/bin/node","/workspaces/BonziWORLD-Anony-Edition-Remastered/index.js"],"memoryUsage":{"rss":73244672,"heapTotal":31686656,"heapUsed":16733328,"external":2364153,"arrayBuffers":171282}},"os":{"loadavg":[0.22,0.3,0.47],"uptime":1297.97},"trace":[{"column":17,"file":"/workspaces/BonziWORLD-Anony-Edition-Remastered/meat.js","function":"new User","line":1660,"method":null,"native":false},{"column":5,"file":"/workspaces/BonziWORLD-Anony-Edition-Remastered/meat.js","function":null,"line":164,"method":null,"native":false},{"column":28,"file":"node:events","function":"Namespace.emit","line":524,"method":"emit","native":false},{"column":10,"file":"/workspaces/BonziWORLD-Anony-Edition-Remastered/node_modules/socket.io/lib/namespace.js","function":"Namespace.emit","line":213,"method":"emit","native":false},{"column":14,"file":"/workspaces/BonziWORLD-Anony-Edition-Remastered/node_modules/socket.io/lib/namespace.js","function":null,"line":181,"method":null,"native":false},{"column":11,"file":"node:internal/process/task_queues","function":"process.processTicksAndRejections","line":77,"method":"processTicksAndRejections","native":false}]}
{"error":{},"level":"error","message":"uncaughtException: this.getAgent is not a function\nTypeError: this.getAgent is not a function\n    at new User (/workspaces/BonziWORLD-Anony-Edition-Remastered/meat.js:1660:17)\n    at Namespace.<anonymous> (/workspaces/BonziWORLD-Anony-Edition-Remastered/meat.js:164:5)\n    at Namespace.emit (node:events:524:28)\n    at Namespace.emit (/workspaces/BonziWORLD-Anony-Edition-Remastered/node_modules/socket.io/lib/namespace.js:213:10)\n    at /workspaces/BonziWORLD-Anony-Edition-Remastered/node_modules/socket.io/lib/namespace.js:181:14\n    at process.processTicksAndRejections (node:internal/process/task_queues:77:11)","stack":"TypeError: this.getAgent is not a function\n    at new User (/workspaces/BonziWORLD-Anony-Edition-Remastered/meat.js:1660:17)\n    at Namespace.<anonymous> (/workspaces/BonziWORLD-Anony-Edition-Remastered/meat.js:164:5)\n    at Namespace.emit (node:events:524:28)\n    at Namespace.emit (/workspaces/BonziWORLD-Anony-Edition-Remastered/node_modules/socket.io/lib/namespace.js:213:10)\n    at /workspaces/BonziWORLD-Anony-Edition-Remastered/node_modules/socket.io/lib/namespace.js:181:14\n    at process.processTicksAndRejections (node:internal/process/task_queues:77:11)","exception":true,"date":"Thu Apr 10 2025 18:06:37 GMT+0000 (Coordinated Universal Time)","process":{"pid":11636,"uid":1000,"gid":1000,"cwd":"/workspaces/BonziWORLD-Anony-Edition-Remastered","execPath":"/usr/local/share/nvm/versions/node/v20.19.0/bin/node","version":"v20.19.0","argv":["/usr/local/share/nvm/versions/node/v20.19.0/bin/node","/workspaces/BonziWORLD-Anony-Edition-Remastered/index.js"],"memoryUsage":{"rss":71884800,"heapTotal":31424512,"heapUsed":12734744,"external":2233629,"arrayBuffers":40758}},"os":{"loadavg":[0.57,0.36,0.48],"uptime":1352.91},"trace":[{"column":17,"file":"/workspaces/BonziWORLD-Anony-Edition-Remastered/meat.js","function":"new User","line":1660,"method":null,"native":false},{"column":5,"file":"/workspaces/BonziWORLD-Anony-Edition-Remastered/meat.js","function":null,"line":164,"method":null,"native":false},{"column":28,"file":"node:events","function":"Namespace.emit","line":524,"method":"emit","native":false},{"column":10,"file":"/workspaces/BonziWORLD-Anony-Edition-Remastered/node_modules/socket.io/lib/namespace.js","function":"Namespace.emit","line":213,"method":"emit","native":false},{"column":14,"file":"/workspaces/BonziWORLD-Anony-Edition-Remastered/node_modules/socket.io/lib/namespace.js","function":null,"line":181,"method":null,"native":false},{"column":11,"file":"node:internal/process/task_queues","function":"process.processTicksAndRejections","line":77,"method":"processTicksAndRejections","native":false}]}
{"error":{},"level":"error","message":"uncaughtException: this.getAgent is not a function\nTypeError: this.getAgent is not a function\n    at new User (/workspaces/BonziWORLD-Anony-Edition-Remastered/meat.js:1660:17)\n    at Namespace.<anonymous> (/workspaces/BonziWORLD-Anony-Edition-Remastered/meat.js:164:5)\n    at Namespace.emit (node:events:524:28)\n    at Namespace.emit (/workspaces/BonziWORLD-Anony-Edition-Remastered/node_modules/socket.io/lib/namespace.js:213:10)\n    at /workspaces/BonziWORLD-Anony-Edition-Remastered/node_modules/socket.io/lib/namespace.js:181:14\n    at process.processTicksAndRejections (node:internal/process/task_queues:77:11)","stack":"TypeError: this.getAgent is not a function\n    at new User (/workspaces/BonziWORLD-Anony-Edition-Remastered/meat.js:1660:17)\n    at Namespace.<anonymous> (/workspaces/BonziWORLD-Anony-Edition-Remastered/meat.js:164:5)\n    at Namespace.emit (node:events:524:28)\n    at Namespace.emit (/workspaces/BonziWORLD-Anony-Edition-Remastered/node_modules/socket.io/lib/namespace.js:213:10)\n    at /workspaces/BonziWORLD-Anony-Edition-Remastered/node_modules/socket.io/lib/namespace.js:181:14\n    at process.processTicksAndRejections (node:internal/process/task_queues:77:11)","exception":true,"date":"Thu Apr 10 2025 18:12:39 GMT+0000 (Coordinated Universal Time)","process":{"pid":14293,"uid":1000,"gid":1000,"cwd":"/workspaces/BonziWORLD-Anony-Edition-Remastered","execPath":"/usr/local/share/nvm/versions/node/v20.19.0/bin/node","version":"v20.19.0","argv":["/usr/local/share/nvm/versions/node/v20.19.0/bin/node","/workspaces/BonziWORLD-Anony-Edition-Remastered/index.js"],"memoryUsage":{"rss":66191360,"heapTotal":14647296,"heapUsed":13359344,"external":2213598,"arrayBuffers":20727}},"os":{"loadavg":[0.8,0.39,0.44],"uptime":1714.73},"trace":[{"column":17,"file":"/workspaces/BonziWORLD-Anony-Edition-Remastered/meat.js","function":"new User","line":1660,"method":null,"native":false},{"column":5,"file":"/workspaces/BonziWORLD-Anony-Edition-Remastered/meat.js","function":null,"line":164,"method":null,"native":false},{"column":28,"file":"node:events","function":"Namespace.emit","line":524,"method":"emit","native":false},{"column":10,"file":"/workspaces/BonziWORLD-Anony-Edition-Remastered/node_modules/socket.io/lib/namespace.js","function":"Namespace.emit","line":213,"method":"emit","native":false},{"column":14,"file":"/workspaces/BonziWORLD-Anony-Edition-Remastered/node_modules/socket.io/lib/namespace.js","function":null,"line":181,"method":null,"native":false},{"column":11,"file":"node:internal/process/task_queues","function":"process.processTicksAndRejections","line":77,"method":"processTicksAndRejections","native":false}]}
{"error":{},"level":"error","message":"uncaughtException: this.getAgent is not a function\nTypeError: this.getAgent is not a function\n    at new User (/workspaces/BonziWORLD-Anony-Edition-Remastered/meat.js:1660:17)\n    at Namespace.<anonymous> (/workspaces/BonziWORLD-Anony-Edition-Remastered/meat.js:164:5)\n    at Namespace.emit (node:events:524:28)\n    at Namespace.emit (/workspaces/BonziWORLD-Anony-Edition-Remastered/node_modules/socket.io/lib/namespace.js:213:10)\n    at /workspaces/BonziWORLD-Anony-Edition-Remastered/node_modules/socket.io/lib/namespace.js:181:14\n    at process.processTicksAndRejections (node:internal/process/task_queues:77:11)","stack":"TypeError: this.getAgent is not a function\n    at new User (/workspaces/BonziWORLD-Anony-Edition-Remastered/meat.js:1660:17)\n    at Namespace.<anonymous> (/workspaces/BonziWORLD-Anony-Edition-Remastered/meat.js:164:5)\n    at Namespace.emit (node:events:524:28)\n    at Namespace.emit (/workspaces/BonziWORLD-Anony-Edition-Remastered/node_modules/socket.io/lib/namespace.js:213:10)\n    at /workspaces/BonziWORLD-Anony-Edition-Remastered/node_modules/socket.io/lib/namespace.js:181:14\n    at process.processTicksAndRejections (node:internal/process/task_queues:77:11)","exception":true,"date":"Thu Apr 10 2025 18:13:15 GMT+0000 (Coordinated Universal Time)","process":{"pid":14713,"uid":1000,"gid":1000,"cwd":"/workspaces/BonziWORLD-Anony-Edition-Remastered","execPath":"/usr/local/share/nvm/versions/node/v20.19.0/bin/node","version":"v20.19.0","argv":["/usr/local/share/nvm/versions/node/v20.19.0/bin/node","/workspaces/BonziWORLD-Anony-Edition-Remastered/index.js"],"memoryUsage":{"rss":72097792,"heapTotal":31424512,"heapUsed":12503968,"external":2231710,"arrayBuffers":38839}},"os":{"loadavg":[0.48,0.36,0.42],"uptime":1751.05},"trace":[{"column":17,"file":"/workspaces/BonziWORLD-Anony-Edition-Remastered/meat.js","function":"new User","line":1660,"method":null,"native":false},{"column":5,"file":"/workspaces/BonziWORLD-Anony-Edition-Remastered/meat.js","function":null,"line":164,"method":null,"native":false},{"column":28,"file":"node:events","function":"Namespace.emit","line":524,"method":"emit","native":false},{"column":10,"file":"/workspaces/BonziWORLD-Anony-Edition-Remastered/node_modules/socket.io/lib/namespace.js","function":"Namespace.emit","line":213,"method":"emit","native":false},{"column":14,"file":"/workspaces/BonziWORLD-Anony-Edition-Remastered/node_modules/socket.io/lib/namespace.js","function":null,"line":181,"method":null,"native":false},{"column":11,"file":"node:internal/process/task_queues","function":"process.processTicksAndRejections","line":77,"method":"processTicksAndRejections","native":false}]}
{"error":{},"level":"error","message":"uncaughtException: this.getAgent is not a function\nTypeError: this.getAgent is not a function\n    at new User (/workspaces/BonziWORLD-Anony-Edition-Remastered/meat.js:1660:17)\n    at Namespace.<anonymous> (/workspaces/BonziWORLD-Anony-Edition-Remastered/meat.js:164:5)\n    at Namespace.emit (node:events:524:28)\n    at Namespace.emit (/workspaces/BonziWORLD-Anony-Edition-Remastered/node_modules/socket.io/lib/namespace.js:213:10)\n    at /workspaces/BonziWORLD-Anony-Edition-Remastered/node_modules/socket.io/lib/namespace.js:181:14\n    at process.processTicksAndRejections (node:internal/process/task_queues:77:11)","stack":"TypeError: this.getAgent is not a function\n    at new User (/workspaces/BonziWORLD-Anony-Edition-Remastered/meat.js:1660:17)\n    at Namespace.<anonymous> (/workspaces/BonziWORLD-Anony-Edition-Remastered/meat.js:164:5)\n    at Namespace.emit (node:events:524:28)\n    at Namespace.emit (/workspaces/BonziWORLD-Anony-Edition-Remastered/node_modules/socket.io/lib/namespace.js:213:10)\n    at /workspaces/BonziWORLD-Anony-Edition-Remastered/node_modules/socket.io/lib/namespace.js:181:14\n    at process.processTicksAndRejections (node:internal/process/task_queues:77:11)","exception":true,"date":"Thu Apr 10 2025 18:18:14 GMT+0000 (Coordinated Universal Time)","process":{"pid":16934,"uid":1000,"gid":1000,"cwd":"/workspaces/BonziWORLD-Anony-Edition-Remastered","execPath":"/usr/local/share/nvm/versions/node/v20.19.0/bin/node","version":"v20.19.0","argv":["/usr/local/share/nvm/versions/node/v20.19.0/bin/node","/workspaces/BonziWORLD-Anony-Edition-Remastered/index.js"],"memoryUsage":{"rss":73256960,"heapTotal":31424512,"heapUsed":16770680,"external":2364154,"arrayBuffers":171283}},"os":{"loadavg":[0.23,0.3,0.37],"uptime":2049.92},"trace":[{"column":17,"file":"/workspaces/BonziWORLD-Anony-Edition-Remastered/meat.js","function":"new User","line":1660,"method":null,"native":false},{"column":5,"file":"/workspaces/BonziWORLD-Anony-Edition-Remastered/meat.js","function":null,"line":164,"method":null,"native":false},{"column":28,"file":"node:events","function":"Namespace.emit","line":524,"method":"emit","native":false},{"column":10,"file":"/workspaces/BonziWORLD-Anony-Edition-Remastered/node_modules/socket.io/lib/namespace.js","function":"Namespace.emit","line":213,"method":"emit","native":false},{"column":14,"file":"/workspaces/BonziWORLD-Anony-Edition-Remastered/node_modules/socket.io/lib/namespace.js","function":null,"line":181,"method":null,"native":false},{"column":11,"file":"node:internal/process/task_queues","function":"process.processTicksAndRejections","line":77,"method":"processTicksAndRejections","native":false}]}
{"error":{},"level":"error","message":"uncaughtException: this.getAgent is not a function\nTypeError: this.getAgent is not a function\n    at new User (/workspaces/BonziWORLD-Anony-Edition-Remastered/meat.js:1660:17)\n    at Namespace.<anonymous> (/workspaces/BonziWORLD-Anony-Edition-Remastered/meat.js:164:5)\n    at Namespace.emit (node:events:524:28)\n    at Namespace.emit (/workspaces/BonziWORLD-Anony-Edition-Remastered/node_modules/socket.io/lib/namespace.js:213:10)\n    at /workspaces/BonziWORLD-Anony-Edition-Remastered/node_modules/socket.io/lib/namespace.js:181:14\n    at process.processTicksAndRejections (node:internal/process/task_queues:77:11)","stack":"TypeError: this.getAgent is not a function\n    at new User (/workspaces/BonziWORLD-Anony-Edition-Remastered/meat.js:1660:17)\n    at Namespace.<anonymous> (/workspaces/BonziWORLD-Anony-Edition-Remastered/meat.js:164:5)\n    at Namespace.emit (node:events:524:28)\n    at Namespace.emit (/workspaces/BonziWORLD-Anony-Edition-Remastered/node_modules/socket.io/lib/namespace.js:213:10)\n    at /workspaces/BonziWORLD-Anony-Edition-Remastered/node_modules/socket.io/lib/namespace.js:181:14\n    at process.processTicksAndRejections (node:internal/process/task_queues:77:11)","exception":true,"date":"Thu Apr 10 2025 18:21:32 GMT+0000 (Coordinated Universal Time)","process":{"pid":18456,"uid":1000,"gid":1000,"cwd":"/workspaces/BonziWORLD-Anony-Edition-Remastered","execPath":"/usr/local/share/nvm/versions/node/v20.19.0/bin/node","version":"v20.19.0","argv":["/usr/local/share/nvm/versions/node/v20.19.0/bin/node","/workspaces/BonziWORLD-Anony-Edition-Remastered/index.js"],"memoryUsage":{"rss":71450624,"heapTotal":31424512,"heapUsed":12536328,"external":2232153,"arrayBuffers":39282}},"os":{"loadavg":[0.57,0.39,0.39],"uptime":2247.5},"trace":[{"column":17,"file":"/workspaces/BonziWORLD-Anony-Edition-Remastered/meat.js","function":"new User","line":1660,"method":null,"native":false},{"column":5,"file":"/workspaces/BonziWORLD-Anony-Edition-Remastered/meat.js","function":null,"line":164,"method":null,"native":false},{"column":28,"file":"node:events","function":"Namespace.emit","line":524,"method":"emit","native":false},{"column":10,"file":"/workspaces/BonziWORLD-Anony-Edition-Remastered/node_modules/socket.io/lib/namespace.js","function":"Namespace.emit","line":213,"method":"emit","native":false},{"column":14,"file":"/workspaces/BonziWORLD-Anony-Edition-Remastered/node_modules/socket.io/lib/namespace.js","function":null,"line":181,"method":null,"native":false},{"column":11,"file":"node:internal/process/task_queues","function":"process.processTicksAndRejections","line":77,"method":"processTicksAndRejections","native":false}]}
{"error":{},"level":"error","message":"uncaughtException: this.getAgent is not a function\nTypeError: this.getAgent is not a function\n    at new User (/workspaces/BonziWORLD-Anony-Edition-Remastered/meat.js:1660:17)\n    at Namespace.<anonymous> (/workspaces/BonziWORLD-Anony-Edition-Remastered/meat.js:164:5)\n    at Namespace.emit (node:events:524:28)\n    at Namespace.emit (/workspaces/BonziWORLD-Anony-Edition-Remastered/node_modules/socket.io/lib/namespace.js:213:10)\n    at /workspaces/BonziWORLD-Anony-Edition-Remastered/node_modules/socket.io/lib/namespace.js:181:14\n    at process.processTicksAndRejections (node:internal/process/task_queues:77:11)","stack":"TypeError: this.getAgent is not a function\n    at new User (/workspaces/BonziWORLD-Anony-Edition-Remastered/meat.js:1660:17)\n    at Namespace.<anonymous> (/workspaces/BonziWORLD-Anony-Edition-Remastered/meat.js:164:5)\n    at Namespace.emit (node:events:524:28)\n    at Namespace.emit (/workspaces/BonziWORLD-Anony-Edition-Remastered/node_modules/socket.io/lib/namespace.js:213:10)\n    at /workspaces/BonziWORLD-Anony-Edition-Remastered/node_modules/socket.io/lib/namespace.js:181:14\n    at process.processTicksAndRejections (node:internal/process/task_queues:77:11)","exception":true,"date":"Thu Apr 10 2025 18:22:04 GMT+0000 (Coordinated Universal Time)","process":{"pid":18781,"uid":1000,"gid":1000,"cwd":"/workspaces/BonziWORLD-Anony-Edition-Remastered","execPath":"/usr/local/share/nvm/versions/node/v20.19.0/bin/node","version":"v20.19.0","argv":["/usr/local/share/nvm/versions/node/v20.19.0/bin/node","/workspaces/BonziWORLD-Anony-Edition-Remastered/index.js"],"memoryUsage":{"rss":71417856,"heapTotal":31424512,"heapUsed":12462064,"external":2232151,"arrayBuffers":39280}},"os":{"loadavg":[0.34,0.35,0.37],"uptime":2280.16},"trace":[{"column":17,"file":"/workspaces/BonziWORLD-Anony-Edition-Remastered/meat.js","function":"new User","line":1660,"method":null,"native":false},{"column":5,"file":"/workspaces/BonziWORLD-Anony-Edition-Remastered/meat.js","function":null,"line":164,"method":null,"native":false},{"column":28,"file":"node:events","function":"Namespace.emit","line":524,"method":"emit","native":false},{"column":10,"file":"/workspaces/BonziWORLD-Anony-Edition-Remastered/node_modules/socket.io/lib/namespace.js","function":"Namespace.emit","line":213,"method":"emit","native":false},{"column":14,"file":"/workspaces/BonziWORLD-Anony-Edition-Remastered/node_modules/socket.io/lib/namespace.js","function":null,"line":181,"method":null,"native":false},{"column":11,"file":"node:internal/process/task_queues","function":"process.processTicksAndRejections","line":77,"method":"processTicksAndRejections","native":false}]}
{"guid":"860af576419a2eba","level":"info","message":"login"}
{"rid":"ed1559032269befb","level":"debug","message":"newRoom"}
{"guid":"860af576419a2eba","args":[],"level":"info","message":"startyping"}
{"guid":"860af576419a2eba","color":"floyd","ip":"::1","text":"zsdzd","level":"info","message":"talk"}
{"guid":"860af576419a2eba","args":[],"level":"info","message":"stoptyping"}
{"guid":"620539d8754f2862","level":"info","message":"login"}
{"rid":"bonzi_tv","level":"debug","message":"newRoom"}
{"guid":"620539d8754f2862","color":"droyd","ip":"::1","text":"Hey, ItzCrazyAnony, Welcome to BonziWORLD Anony Edition Remastered! ItzCrazyAnony is the owner of this site! He also made this site! He also made KWR (dead)! He also supports Otalpik!","level":"info","message":"talk"}
{"room":{"rid":"bonzi_tv","prefs":{"char_limit":1e+86,"name_limit":1e+86,"godword":"@Faggoti230*","runlevel":{"godmode":0,"youtube":0,"joke":0,"fact":0,"backflip":0,"color":0,"asshole":0,"triggered":0,"linux":0,"pitch":0,"speed":0,"playaudio":3,"stopaudio":3,"espeak":3,"pawn":0,"snap":0,"bees":0,"vaporwave":0,"unvaporwave":0,"name":0,"image":0,"video":0,"audio":0,"sad":0,"owo":0,"status":0,"sanitize":3,"pope":3,"king":3},"room_max":1e+86,"owner":"620539d8754f2862","pitch":{"max":125,"min":15,"default":"random"},"speed":{"max":275,"min":125,"default":"random"},"amplitude":{"max":75,"min":20,"default":"random"},"defaultName":"Anonymous"},"users":[],"vid":"Jj1NPbhdrls"},"level":"debug","message":"removeRoom"}
{"guid":"f9156c31b56f5d58","level":"info","message":"login"}
{"rid":"ab282c1ee30bcf9d","level":"debug","message":"newRoom"}
{"room":{"rid":"ab282c1ee30bcf9d","prefs":{"status_limit":36,"char_limit":1e+86,"name_limit":25,"godword":"@Faggoti230*","runlevel":{"godmode":0,"youtube":0,"joke":0,"fact":0,"backflip":0,"color":0,"asshole":0,"triggered":0,"linux":0,"pitch":0,"snap":0,"speed":0,"pawn":0,"bees":0,"image":0,"video":0,"audio":0,"sad":0,"vaporwave":0,"unvaporwave":0,"name":0,"playaudio":3,"stopaudio":3,"espeak":3,"owo":0,"sanitize":3,"status":0,"pope":3,"king":3},"room_max":1e+86,"owner":null,"pitch":{"max":400,"min":-50,"default":"random"},"speed":{"max":275,"min":125,"default":"random"},"amplitude":{"max":75,"min":20,"default":"random"},"defaultName":"Anonymous"},"users":[],"vid":"I61oSL5xBkk"},"level":"debug","message":"removeRoom"}
{"guid":"cd619db108b799a5","level":"info","message":"login"}
{"rid":"8e4f91baf152746b","level":"debug","message":"newRoom"}
{"guid":"cd619db108b799a5","color":"gold","ip":"::1","text":{"toString":""},"level":"info","message":"talk"}
{"guid":"93079e21a1c3aeb4","level":"info","message":"login"}
{"rid":"aaaf79a4a399ae48","level":"debug","message":"newRoom"}
{"guid":"93079e21a1c3aeb4","args":[],"level":"info","message":"startyping"}
{"guid":"93079e21a1c3aeb4","args":[],"level":"info","message":"stoptyping"}
{"guid":"93079e21a1c3aeb4","args":["@Faggoti230*"],"level":"info","message":"godmode"}
{"guid":"93079e21a1c3aeb4","success":true,"level":"info","message":"godmode"}
{"guid":"93079e21a1c3aeb4","args":["93079e21a1c3aeb4"],"level":"info","message":"ban"}
{"room":{"rid":"aaaf79a4a399ae48","prefs":{"status_limit":36,"char_limit":1e+86,"name_limit":25,"godword":"@Faggoti230*","runlevel":{"godmode":0,"youtube":0,"joke":0,"fact":0,"backflip":0,"color":0,"asshole":0,"triggered":0,"linux":0,"pitch":0,"snap":0,"speed":0,"pawn":0,"bees":0,"image":0,"video":0,"audio":0,"sad":0,"vaporwave":0,"unvaporwave":0,"name":0,"playaudio":3,"stopaudio":3,"espeak":3,"owo":0,"sanitize":3,"status":0,"pope":3,"king":3},"room_max":1e+86,"owner":null,"pitch":{"max":400,"min":-50,"default":"random"},"speed":{"max":275,"min":125,"default":"random"},"amplitude":{"max":75,"min":20,"default":"random"},"defaultName":"Anonymous"},"users":[],"vid":"GI94aaSjt4M"},"level":"debug","message":"removeRoom"}
{"guid":"18e93b2905bb9458","level":"info","message":"login"}
{"rid":"a3116f0c92c09f41","level":"debug","message":"newRoom"}
{"guid":"18e93b2905bb9458","args":[],"level":"info","message":"startyping"}
{"guid":"18e93b2905bb9458","args":[],"level":"info","message":"stoptyping"}
{"guid":"18e93b2905bb9458","args":[],"level":"info","message":"startyping"}
{"guid":"18e93b2905bb9458","args":["@Faggoti230*"],"level":"info","message":"godmode"}
{"guid":"18e93b2905bb9458","success":true,"level":"info","message":"godmode"}
{"guid":"18e93b2905bb9458","args":[],"level":"info","message":"stoptyping"}
{"guid":"18e93b2905bb9458","args":[],"level":"info","message":"startyping"}
{"guid":"18e93b2905bb9458","args":[],"level":"info","message":"stoptyping"}
{"guid":"18e93b2905bb9458","args":[],"level":"info","message":"startyping"}
{"guid":"18e93b2905bb9458","args":[],"level":"info","message":"stoptyping"}
{"guid":"18e93b2905bb9458","args":["off"],"level":"info","message":"sanitize"}
{"guid":"18e93b2905bb9458","args":[],"level":"info","message":"startyping"}
{"guid":"18e93b2905bb9458","args":[],"level":"info","message":"stoptyping"}
{"guid":"18e93b2905bb9458","args":[],"level":"info","message":"startyping"}
{"guid":"18e93b2905bb9458","args":[],"level":"info","message":"stoptyping"}
{"guid":"18e93b2905bb9458","color":"peedy","ip":"::ffff:10.0.0.2","text":"<script>isAdmin = true","level":"info","message":"talk"}
{"guid":"01db72a3c62dde3d","level":"info","message":"login"}
{"guid":"01db72a3c62dde3d","args":["AnonyBOT ($help)"],"level":"info","message":"name"}
{"guid":"01db72a3c62dde3d","args":["AnonyBOT ($help)"],"level":"info","message":"name"}
{"guid":"01db72a3c62dde3d","args":["black"],"level":"info","message":"color"}
{"guid":"01db72a3c62dde3d","color":"black","ip":"::ffff:10.0.0.2","text":"UbunuBOT is online. Type $help to see commands.","level":"info","message":"talk"}
{"guid":"8640a4e2b20340de","level":"info","message":"login"}
{"guid":"8640a4e2b20340de","args":["AnonyBOT ($help)"],"level":"info","message":"name"}
{"guid":"8640a4e2b20340de","args":["AnonyBOT ($help)"],"level":"info","message":"name"}
{"guid":"8640a4e2b20340de","args":["black"],"level":"info","message":"color"}
{"guid":"8640a4e2b20340de","color":"black","ip":"::ffff:10.0.0.2","text":"UbunuBOT is online. Type $help to see commands.","level":"info","message":"talk"}
{"room":{"rid":"a3116f0c92c09f41","prefs":{"status_limit":36,"char_limit":1e+86,"name_limit":25,"godword":"@Faggoti230*","runlevel":{"godmode":0,"youtube":0,"joke":0,"fact":0,"backflip":0,"color":0,"asshole":0,"triggered":0,"linux":0,"pitch":0,"snap":0,"speed":0,"pawn":0,"bees":0,"image":0,"video":0,"audio":0,"sad":0,"vaporwave":0,"unvaporwave":0,"name":0,"playaudio":3,"stopaudio":3,"espeak":3,"owo":0,"sanitize":3,"status":0,"pope":3,"king":3},"room_max":1e+86,"owner":null,"pitch":{"max":400,"min":-50,"default":"random"},"speed":{"max":275,"min":125,"default":"random"},"amplitude":{"max":75,"min":20,"default":"random"},"defaultName":"Anonymous"},"users":[],"vid":"WlZswQEUqUc"},"level":"debug","message":"removeRoom"}
{"guid":"91efeea4a9a8164e","level":"info","message":"login"}
{"rid":"7eebddc3bfc36778","level":"debug","message":"newRoom"}
{"guid":"91efeea4a9a8164e","args":[],"level":"info","message":"changelog"}
{"guid":"91efeea4a9a8164e","args":[],"level":"info","message":"startyping"}
{"guid":"91efeea4a9a8164e","args":[],"level":"info","message":"stoptyping"}
{"guid":"91efeea4a9a8164e","args":["@Faggoti230*"],"level":"info","message":"godmode"}
{"guid":"91efeea4a9a8164e","success":true,"level":"info","message":"godmode"}
{"guid":"91efeea4a9a8164e","args":[],"level":"info","message":"startyping"}
{"guid":"91efeea4a9a8164e","args":[],"level":"info","message":"stoptyping"}
{"guid":"91efeea4a9a8164e","args":[],"level":"info","message":"pope"}
{"guid":"91efeea4a9a8164e","args":[],"level":"info","message":"startyping"}
{"guid":"91efeea4a9a8164e","args":[],"level":"info","message":"stoptyping"}
{"guid":"91efeea4a9a8164e","args":[],"level":"info","message":"enableanonymode"}
{"room":{"rid":"7eebddc3bfc36778","prefs":{"status_limit":36,"char_limit":1e+86,"name_limit":25,"godword":"@Faggoti230*","runlevel":{"godmode":0,"youtube":0,"joke":0,"fact":0,"backflip":0,"color":0,"asshole":0,"triggered":0,"linux":0,"pitch":0,"snap":0,"speed":0,"pawn":0,"bees":0,"image":0,"video":0,"audio":0,"sad":0,"vaporwave":0,"unvaporwave":0,"name":0,"playaudio":3,"stopaudio":3,"espeak":3,"owo":0,"sanitize":3,"status":0,"pope":3,"king":3},"room_max":1e+86,"owner":null,"pitch":{"max":400,"min":-50,"default":"random"},"speed":{"max":275,"min":125,"default":"random"},"amplitude":{"max":75,"min":20,"default":"random"},"defaultName":"Anonymous"},"users":[],"vid":"OyVAp0tOk5A"},"level":"debug","message":"removeRoom"}
{"guid":"20bbd1ccb5d1cb5b","level":"info","message":"login"}
{"rid":"d93ba9345c0161f8","level":"debug","message":"newRoom"}
{"guid":"20bbd1ccb5d1cb5b","args":[],"level":"info","message":"changelog"}
{"guid":"20bbd1ccb5d1cb5b","args":[],"level":"info","message":"startyping"}
{"guid":"20bbd1ccb5d1cb5b","args":[],"level":"info","message":"stoptyping"}
{"guid":"20bbd1ccb5d1cb5b","args":["rio"],"level":"info","message":"letsplay"}
{"room":{"rid":"d93ba9345c0161f8","prefs":{"status_limit":36,"char_limit":1e+86,"name_limit":25,"godword":"@Faggoti230*","runlevel":{"godmode":0,"youtube":0,"joke":0,"fact":0,"backflip":0,"color":0,"asshole":0,"triggered":0,"linux":0,"pitch":0,"snap":0,"speed":0,"pawn":0,"bees":0,"image":0,"video":0,"audio":0,"sad":0,"vaporwave":0,"unvaporwave":0,"name":0,"playaudio":3,"stopaudio":3,"espeak":3,"owo":0,"sanitize":3,"status":0,"pope":3,"king":3},"room_max":1e+86,"owner":null,"pitch":{"max":400,"min":-50,"default":"random"},"speed":{"max":275,"min":125,"default":"random"},"amplitude":{"max":75,"min":20,"default":"random"},"defaultName":"Anonymous"},"users":[],"vid":"bSKJg5jsgdc"},"level":"debug","message":"removeRoom"}
{"guid":"dca26bac07879d27","level":"info","message":"login"}
{"rid":"2833400d0970a0d0","level":"debug","message":"newRoom"}
{"guid":"dca26bac07879d27","args":[],"level":"info","message":"startyping"}
{"guid":"dca26bac07879d27","args":[],"level":"info","message":"stoptyping"}
{"guid":"dca26bac07879d27","args":["zuma"],"level":"info","message":"letsplay"}
{"guid":"dca26bac07879d27","args":[],"level":"info","message":"startyping"}
{"guid":"dca26bac07879d27","args":[],"level":"info","message":"stoptyping"}
{"guid":"dca26bac07879d27","args":[],"level":"info","message":"startyping"}
{"guid":"dca26bac07879d27","args":[],"level":"info","message":"stoptyping"}
{"guid":"dca26bac07879d27","args":[],"level":"info","message":"startyping"}
{"guid":"dca26bac07879d27","args":[],"level":"info","message":"stoptyping"}
{"guid":"dca26bac07879d27","args":["https://scnwmq-3000.csb.app/swfs/albuquerque(www.albinoblacksheep.com).swf"],"level":"info","message":"video_flash"}
{"guid":"dca26bac07879d27","args":[],"level":"info","message":"startyping"}
{"guid":"dca26bac07879d27","args":[],"level":"info","message":"stoptyping"}
{"guid":"dca26bac07879d27","args":[],"level":"info","message":"changelog"}
{"guid":"dca26bac07879d27","args":[],"level":"info","message":"startyping"}
{"guid":"dca26bac07879d27","args":[],"level":"info","message":"stoptyping"}
{"guid":"dca26bac07879d27","color":"gold","ip":"::ffff:10.0.0.2","text":"1.14.0.0 - The release.  1.14.0.1 - Added the No Fuck Off. Added the bonzigetbleach color. Added the typing sound. Theres now new shows on BonziTV. Added the BonziTV Theme. Added polls and announce (From BonziWORLD.org. It's also ported into BWAE.) Added a new mod tool called \"moronify\" (Not to be confused with the insult.) Added a KinitoPET Voice. Added the /wtf command. Added the broken voice. Replaced the king color due to it having a jew face. Removed the jew color. 1.14.0.2 - Theres now new shows on BonziTV. Added the /playaudio command, Added the /vidlii command. Added the new phrase of /wtf. There's now a new BG. The Ban is now functional. 1.14.0.3 - Added the Doggis color, Added the flash player command, Added the new mod tools, Bless, also added the blessed color. Fixed the announce and poll.","level":"info","message":"talk"}
{"guid":"dca26bac07879d27","args":[],"level":"info","message":"changelog"}
{"room":{"rid":"2833400d0970a0d0","prefs":{"status_limit":36,"char_limit":1e+86,"name_limit":25,"godword":"@Faggoti230*","runlevel":{"godmode":0,"youtube":0,"joke":0,"fact":0,"backflip":0,"color":0,"asshole":0,"triggered":0,"linux":0,"pitch":0,"snap":0,"speed":0,"pawn":0,"bees":0,"image":0,"video":0,"audio":0,"sad":0,"vaporwave":0,"unvaporwave":0,"name":0,"playaudio":3,"stopaudio":3,"espeak":3,"owo":0,"sanitize":3,"status":0,"pope":3,"king":3},"room_max":1e+86,"owner":null,"pitch":{"max":400,"min":-50,"default":"random"},"speed":{"max":275,"min":125,"default":"random"},"amplitude":{"max":75,"min":20,"default":"random"},"defaultName":"Anonymous"},"users":[],"vid":"WEz0IoffV9g"},"level":"debug","message":"removeRoom"}
{"guid":"6c4bc9f2902b0c5a","level":"info","message":"login"}
{"rid":"1744617e19063fd8","level":"debug","message":"newRoom"}
{"room":{"rid":"1744617e19063fd8","prefs":{"status_limit":36,"char_limit":1e+86,"name_limit":25,"godword":"BehhBEHHAnonyBehhition&134","runlevel":{"godmode":0,"youtube":0,"joke":0,"fact":0,"backflip":0,"color":0,"asshole":0,"triggered":0,"linux":0,"pitch":0,"snap":0,"speed":0,"pawn":0,"bees":0,"image":0,"video":0,"audio":0,"sad":0,"vaporwave":0,"unvaporwave":0,"name":0,"playaudio":3,"stopaudio":3,"espeak":3,"owo":0,"sanitize":3,"status":0,"pope":3,"king":3},"room_max":1e+86,"owner":null,"pitch":{"max":400,"min":-50,"default":"random"},"speed":{"max":275,"min":125,"default":"random"},"amplitude":{"max":75,"min":20,"default":"random"},"defaultName":"Anonymous"},"users":[],"pollvotes":{},"vid":"XAuQSLoI07U"},"level":"debug","message":"removeRoom"}
{"guid":"f8cd5e287887b89e","level":"info","message":"login"}
{"rid":"d6a239bb261b80f0","level":"debug","message":"newRoom"}
{"guid":"f8cd5e287887b89e","args":[],"level":"info","message":"startyping"}
{"guid":"f8cd5e287887b89e","args":[],"level":"info","message":"stoptyping"}
{"guid":"f8cd5e287887b89e","args":["BehhBEHHAnonyBehhition&134"],"level":"info","message":"godmode"}
{"guid":"f8cd5e287887b89e","success":true,"level":"info","message":"godmode"}
{"guid":"f8cd5e287887b89e","args":[],"level":"info","message":"startyping"}
{"guid":"f8cd5e287887b89e","args":[],"level":"info","message":"stoptyping"}
{"guid":"f8cd5e287887b89e","args":[],"level":"info","message":"startyping"}
{"guid":"f8cd5e287887b89e","args":[],"level":"info","message":"stoptyping"}
{"guid":"f8cd5e287887b89e","color":"emerald","ip":"::ffff:10.0.0.2","text":"erer","level":"info","message":"talk"}
{"guid":"f8cd5e287887b89e","args":[],"level":"info","message":"startyping"}
{"guid":"f8cd5e287887b89e","args":[],"level":"info","message":"stoptyping"}
{"room":{"rid":"d6a239bb261b80f0","prefs":{"status_limit":36,"char_limit":1e+86,"name_limit":25,"godword":"BehhBEHHAnonyBehhition&134","runlevel":{"godmode":0,"youtube":0,"joke":0,"fact":0,"backflip":0,"color":0,"asshole":0,"triggered":0,"linux":0,"pitch":0,"snap":0,"speed":0,"pawn":0,"bees":0,"image":0,"video":0,"audio":0,"sad":0,"vaporwave":0,"unvaporwave":0,"name":0,"playaudio":3,"stopaudio":3,"espeak":3,"owo":0,"sanitize":3,"status":0,"pope":3,"king":3},"room_max":1e+86,"owner":null,"pitch":{"max":400,"min":-50,"default":"random"},"speed":{"max":275,"min":125,"default":"random"},"amplitude":{"max":75,"min":20,"default":"random"},"defaultName":"Anonymous"},"users":[],"pollvotes":{},"vid":"n4ZdBIN5MF8"},"level":"debug","message":"removeRoom"}
{"guid":"10d591289d119dfa","level":"info","message":"login"}
{"rid":"12991dc293a2de6e","level":"debug","message":"newRoom"}
{"guid":"10d591289d119dfa","args":[],"level":"info","message":"startyping"}
{"guid":"10d591289d119dfa","args":[],"level":"info","message":"stoptyping"}
{"guid":"10d591289d119dfa","args":["BehhBEHHAnonyBehhition&134"],"level":"info","message":"godmode"}
{"guid":"10d591289d119dfa","success":true,"level":"info","message":"godmode"}
{"guid":"10d591289d119dfa","args":[],"level":"info","message":"stoptyping"}
{"guid":"10d591289d119dfa","args":[],"level":"info","message":"stoptyping"}
{"guid":"10d591289d119dfa","args":[],"level":"info","message":"startyping"}
{"guid":"10d591289d119dfa","args":[],"level":"info","message":"stoptyping"}
{"guid":"10d591289d119dfa","color":"rpc","ip":"::ffff:10.0.0.2","text":"why do they keep lagging","level":"info","message":"talk"}
{"guid":"10d591289d119dfa","args":[],"level":"info","message":"stoptyping"}
{"guid":"10d591289d119dfa","args":[],"level":"info","message":"stoptyping"}
{"guid":"10d591289d119dfa","args":[],"level":"info","message":"startyping"}
{"guid":"10d591289d119dfa","args":[],"level":"info","message":"stoptyping"}
{"guid":"10d591289d119dfa","args":["BehhBEHHAnonyBehhition&134"],"level":"info","message":"godmode"}
{"guid":"10d591289d119dfa","success":true,"level":"info","message":"godmode"}
{"guid":"10d591289d119dfa","args":[],"level":"info","message":"stoptyping"}
{"guid":"10d591289d119dfa","args":[],"level":"info","message":"stoptyping"}
{"guid":"10d591289d119dfa","args":[],"level":"info","message":"startyping"}
{"guid":"10d591289d119dfa","args":[],"level":"info","message":"stoptyping"}
{"guid":"10d591289d119dfa","args":["ef"],"level":"info","message":"poll"}
{"guid":"d9ede652d0edd3b5","level":"info","message":"login"}
{"guid":"10d591289d119dfa","args":[],"level":"info","message":"startyping"}
{"guid":"10d591289d119dfa","args":[],"level":"info","message":"stoptyping"}
{"guid":"10d591289d119dfa","args":["ef"],"level":"info","message":"poll"}
{"guid":"10d591289d119dfa","args":[],"level":"info","message":"startyping"}
{"guid":"10d591289d119dfa","args":[],"level":"info","message":"stoptyping"}
{"room":{"rid":"12991dc293a2de6e","prefs":{"status_limit":36,"char_limit":1e+86,"name_limit":25,"godword":"BehhBEHHAnonyBehhition&134","runlevel":{"godmode":0,"youtube":0,"joke":0,"fact":0,"backflip":0,"color":0,"asshole":0,"triggered":0,"linux":0,"pitch":0,"snap":0,"speed":0,"pawn":0,"bees":0,"image":0,"video":0,"audio":0,"sad":0,"vaporwave":0,"unvaporwave":0,"name":0,"playaudio":3,"stopaudio":3,"espeak":3,"owo":0,"sanitize":3,"status":0,"pope":3,"king":3},"room_max":1e+86,"owner":null,"pitch":{"max":400,"min":-50,"default":"random"},"speed":{"max":275,"min":125,"default":"random"},"amplitude":{"max":75,"min":20,"default":"random"},"defaultName":"Anonymous"},"users":[],"pollvotes":{"undefined":true},"vid":"5H1TaN1gO1E"},"level":"debug","message":"removeRoom"}
{"guid":"97fc96ef3f1f2228","level":"info","message":"login"}
{"rid":"e728edd623077029","level":"debug","message":"newRoom"}
{"guid":"97fc96ef3f1f2228","args":[],"level":"info","message":"startyping"}
{"guid":"97fc96ef3f1f2228","args":[],"level":"info","message":"stoptyping"}
{"guid":"97fc96ef3f1f2228","args":[],"level":"info","message":"startyping"}
{"guid":"97fc96ef3f1f2228","args":["BehhBEHHAnonyBehhition&134"],"level":"info","message":"godmode"}
{"guid":"97fc96ef3f1f2228","success":true,"level":"info","message":"godmode"}
{"guid":"97fc96ef3f1f2228","args":[],"level":"info","message":"stoptyping"}
{"guid":"97fc96ef3f1f2228","args":["97fc96ef3f1f2228"],"level":"info","message":"ban"}
{"room":{"rid":"e728edd623077029","prefs":{"status_limit":36,"char_limit":1e+86,"name_limit":25,"godword":"BehhBEHHAnonyBehhition&134","runlevel":{"godmode":0,"youtube":0,"joke":0,"fact":0,"backflip":0,"color":0,"asshole":0,"triggered":0,"linux":0,"pitch":0,"snap":0,"speed":0,"pawn":0,"bees":0,"image":0,"video":0,"audio":0,"sad":0,"vaporwave":0,"unvaporwave":0,"name":0,"playaudio":3,"stopaudio":3,"espeak":3,"owo":0,"sanitize":3,"status":0,"pope":3,"king":3},"room_max":1e+86,"owner":null,"pitch":{"max":400,"min":-50,"default":"random"},"speed":{"max":275,"min":125,"default":"random"},"amplitude":{"max":75,"min":20,"default":"random"},"defaultName":"Anonymous"},"users":[],"pollvotes":{},"vid":"n4ZdBIN5MF8"},"level":"debug","message":"removeRoom"}
{"guid":"c4eb30a1458454e1","level":"info","message":"login"}
{"rid":"d98b7b13b7067e91","level":"debug","message":"newRoom"}
{"room":{"rid":"d98b7b13b7067e91","prefs":{"status_limit":36,"char_limit":1e+86,"name_limit":25,"godword":"BehhBEHHAnonyBehhition&134","runlevel":{"godmode":0,"youtube":0,"joke":0,"fact":0,"backflip":0,"color":0,"asshole":0,"triggered":0,"linux":0,"pitch":0,"snap":0,"speed":0,"pawn":0,"bees":0,"image":0,"video":0,"audio":0,"sad":0,"vaporwave":0,"unvaporwave":0,"name":0,"playaudio":3,"stopaudio":3,"espeak":3,"owo":0,"sanitize":3,"status":0,"pope":3,"king":3},"room_max":1e+86,"owner":null,"pitch":{"max":400,"min":-50,"default":"random"},"speed":{"max":275,"min":125,"default":"random"},"amplitude":{"max":75,"min":20,"default":"random"},"defaultName":"Anonymous"},"users":[],"pollvotes":{},"vid":"qtwz81uG47k"},"level":"debug","message":"removeRoom"}
{"guid":"0ebf4ba5c93761dd","level":"info","message":"login"}
{"rid":"6efd6da36d7a1b67","level":"debug","message":"newRoom"}
{"guid":"0ebf4ba5c93761dd","args":[],"level":"info","message":"startyping"}
{"guid":"0ebf4ba5c93761dd","args":["BehhBEHHAnonyBehhition&134"],"level":"info","message":"godmode"}
{"guid":"0ebf4ba5c93761dd","success":true,"level":"info","message":"godmode"}
{"guid":"0ebf4ba5c93761dd","args":[],"level":"info","message":"stoptyping"}
{"guid":"0ebf4ba5c93761dd","args":["0ebf4ba5c93761dd"],"level":"info","message":"ban"}
{"room":{"rid":"6efd6da36d7a1b67","prefs":{"status_limit":36,"char_limit":1e+86,"name_limit":25,"godword":"BehhBEHHAnonyBehhition&134","runlevel":{"godmode":0,"youtube":0,"joke":0,"fact":0,"backflip":0,"color":0,"asshole":0,"triggered":0,"linux":0,"pitch":0,"snap":0,"speed":0,"pawn":0,"bees":0,"image":0,"video":0,"audio":0,"sad":0,"vaporwave":0,"unvaporwave":0,"name":0,"playaudio":3,"stopaudio":3,"espeak":3,"owo":0,"sanitize":3,"status":0,"pope":3,"king":3},"room_max":1e+86,"owner":null,"pitch":{"max":400,"min":-50,"default":"random"},"speed":{"max":275,"min":125,"default":"random"},"amplitude":{"max":75,"min":20,"default":"random"},"defaultName":"Anonymous"},"users":[],"pollvotes":{},"vid":"DD2xYpxXndw"},"level":"debug","message":"removeRoom"}
{"guid":"c746b91125b78cc7","level":"info","message":"login"}
{"rid":"e22a2f5b1c659c1d","level":"debug","message":"newRoom"}
{"guid":"c746b91125b78cc7","args":[],"level":"info","message":"startyping"}
{"guid":"c746b91125b78cc7","color":"emerald","ip":"::ffff:172.31.128.16","text":"testing","level":"info","message":"talk"}
{"guid":"af00405982b49f66","level":"info","message":"login"}
{"rid":"8d67f33ee95a36a9","level":"debug","message":"newRoom"}
{"guid":"af00405982b49f66","args":[],"level":"info","message":"startyping"}
{"guid":"af00405982b49f66","color":"floyd","ip":"::ffff:172.31.128.16","text":"a","level":"info","message":"talk"}
{"guid":"929df76811f9de08","level":"info","message":"login"}
{"rid":"24ee4c6d2d9bf4f7","level":"debug","message":"newRoom"}
{"room":{"rid":"24ee4c6d2d9bf4f7","prefs":{"status_limit":36,"char_limit":1e+86,"name_limit":25,"godword":"BehhBEHHAnonyBehhition&134","runlevel":{"godmode":0,"youtube":0,"joke":0,"fact":0,"backflip":0,"color":0,"asshole":0,"triggered":0,"linux":0,"pitch":0,"snap":0,"speed":0,"pawn":0,"bees":0,"image":0,"video":0,"audio":0,"sad":0,"vaporwave":0,"unvaporwave":0,"name":0,"playaudio":3,"stopaudio":3,"espeak":3,"owo":0,"sanitize":3,"status":0,"pope":3,"king":3},"room_max":1e+86,"owner":null,"pitch":{"max":400,"min":-50,"default":"random"},"speed":{"max":275,"min":125,"default":"random"},"amplitude":{"max":75,"min":20,"default":"random"},"defaultName":"Anonymous"},"users":[],"pollvotes":{},"vid":"f5thUntstCY"},"level":"debug","message":"removeRoom"}
{"guid":"7ac8cedd4d85259d","level":"info","message":"login"}
{"rid":"db1fd90272ccdb1c","level":"debug","message":"newRoom"}
{"guid":"7ac8cedd4d85259d","args":[],"level":"info","message":"startyping"}
{"guid":"7ac8cedd4d85259d","color":"gold","ip":"::ffff:172.31.128.16","text":"z","level":"info","message":"talk"}
{"guid":"7ac8cedd4d85259d","args":[],"level":"info","message":"stoptyping"}
{"guid":"7ac8cedd4d85259d","args":[],"level":"info","message":"startyping"}
{"guid":"7ac8cedd4d85259d","args":[],"level":"info","message":"stoptyping"}
{"guid":"7ac8cedd4d85259d","args":[],"level":"info","message":"stoptyping"}
{"guid":"7ac8cedd4d85259d","color":"gold","ip":"::ffff:172.31.128.16","text":"yo it worked","level":"info","message":"talk"}
{"room":{"rid":"db1fd90272ccdb1c","prefs":{"status_limit":36,"char_limit":1e+86,"name_limit":25,"godword":"BehhBEHHAnonyBehhition&134","runlevel":{"godmode":0,"youtube":0,"joke":0,"fact":0,"backflip":0,"color":0,"asshole":0,"triggered":0,"linux":0,"pitch":0,"snap":0,"speed":0,"pawn":0,"bees":0,"image":0,"video":0,"audio":0,"sad":0,"vaporwave":0,"unvaporwave":0,"name":0,"playaudio":3,"stopaudio":3,"espeak":3,"owo":0,"sanitize":3,"status":0,"pope":3,"king":3},"room_max":1e+86,"owner":null,"pitch":{"max":400,"min":-50,"default":"random"},"speed":{"max":275,"min":125,"default":"random"},"amplitude":{"max":75,"min":20,"default":"random"},"defaultName":"Anonymous"},"users":[],"pollvotes":{},"vid":"qsATpni7B9s"},"level":"debug","message":"removeRoom"}
{"guid":"e1ee0bcd9700156f","level":"info","message":"login"}
{"rid":"a200738cea25255f","level":"debug","message":"newRoom"}
{"room":{"rid":"a200738cea25255f","prefs":{"status_limit":36,"char_limit":1e+86,"name_limit":25,"godword":"BehhBEHHAnonyBehhition&134","runlevel":{"godmode":0,"youtube":0,"joke":0,"fact":0,"backflip":0,"color":0,"asshole":0,"triggered":0,"linux":0,"pitch":0,"snap":0,"speed":0,"pawn":0,"bees":0,"image":0,"video":0,"audio":0,"sad":0,"vaporwave":0,"unvaporwave":0,"name":0,"playaudio":3,"stopaudio":3,"espeak":3,"owo":0,"sanitize":3,"status":0,"pope":3,"king":3},"room_max":1e+86,"owner":null,"pitch":{"max":400,"min":-50,"default":"random"},"speed":{"max":275,"min":125,"default":"random"},"amplitude":{"max":75,"min":20,"default":"random"},"defaultName":"Anonymous"},"users":[],"pollvotes":{},"vid":"gdrrsadTtTY"},"level":"debug","message":"removeRoom"}
{"guid":"4a1deccf4da2f077","level":"info","message":"login"}
{"rid":"59a361679c00e64e","level":"debug","message":"newRoom"}
{"guid":"4a1deccf4da2f077","args":["blue"],"level":"info","message":"color"}
{"guid":"7437011e7f198329","level":"info","message":"login"}
{"rid":"f82a772c763792d4","level":"debug","message":"newRoom"}
{"guid":"7437011e7f198329","args":[],"level":"info","message":"startyping"}
{"guid":"7437011e7f198329","args":[],"level":"info","message":"stoptyping"}
{"guid":"7437011e7f198329","args":["882648024808490"],"level":"info","message":"godmode"}
{"guid":"7437011e7f198329","success":false,"level":"info","message":"godmode"}
{"guid":"7437011e7f198329","args":[],"level":"info","message":"startyping"}
{"guid":"7437011e7f198329","args":[],"level":"info","message":"stoptyping"}
{"guid":"7437011e7f198329","args":["a"],"level":"info","message":"godmode"}
{"guid":"7437011e7f198329","success":false,"level":"info","message":"godmode"}
{"guid":"7437011e7f198329","args":[],"level":"info","message":"startyping"}
{"guid":"7437011e7f198329","args":[],"level":"info","message":"stoptyping"}
{"guid":"7437011e7f198329","args":["882648024808490"],"level":"info","message":"godmode"}
{"guid":"7437011e7f198329","success":false,"level":"info","message":"godmode"}
{"room":{"rid":"f82a772c763792d4","prefs":{"status_limit":36,"char_limit":1e+86,"name_limit":25,"godword":"8749irhtglkjroOIYTURJUG0OQOC09v4n89u89t54:ieourgHUGgu1!058-__47hfGG+_+_89r95ur97468998urijnve8un098nv8HIUEHr8t78fJ87bgfhgtyppo-70-0__-9456fFjGjg_=EU0756!++_-__H","runlevel":{"godmode":0,"youtube":0,"joke":0,"fact":0,"backflip":0,"color":0,"asshole":0,"triggered":0,"linux":0,"pitch":0,"snap":0,"speed":0,"pawn":0,"bees":0,"image":0,"video":0,"audio":0,"sad":0,"vaporwave":0,"unvaporwave":0,"name":0,"playaudio":3,"stopaudio":3,"espeak":3,"owo":0,"sanitize":3,"status":0,"pope":3,"king":3},"room_max":1e+86,"owner":null,"pitch":{"max":400,"min":-50,"default":"random"},"speed":{"max":275,"min":125,"default":"random"},"amplitude":{"max":75,"min":20,"default":"random"},"defaultName":"Anonymous"},"users":[],"pollvotes":{},"vid":"5H1TaN1gO1E"},"level":"debug","message":"removeRoom"}
{"guid":"08a6ec0f84274777","level":"info","message":"login"}
{"rid":"63be17e7bb4da350","level":"debug","message":"newRoom"}
{"guid":"08a6ec0f84274777","args":[],"level":"info","message":"startyping"}
{"guid":"08a6ec0f84274777","args":[],"level":"info","message":"stoptyping"}
{"guid":"08a6ec0f84274777","args":["287112613844771"],"level":"info","message":"godmode"}
{"guid":"08a6ec0f84274777","success":true,"level":"info","message":"godmode"}
{"guid":"08a6ec0f84274777","args":[],"level":"info","message":"startyping"}
{"guid":"08a6ec0f84274777","args":[],"level":"info","message":"stoptyping"}
{"guid":"08a6ec0f84274777","args":[],"level":"info","message":"pope"}
{"guid":"08a6ec0f84274777","args":[],"level":"info","message":"startyping"}
{"guid":"08a6ec0f84274777","args":[],"level":"info","message":"stoptyping"}
{"guid":"08a6ec0f84274777","args":["buerier"],"level":"info","message":"godmode"}
{"guid":"08a6ec0f84274777","success":false,"level":"info","message":"godmode"}
{"room":{"rid":"63be17e7bb4da350","prefs":{"status_limit":36,"char_limit":1e+86,"name_limit":25,"godword":"8749irhtglkjroOIYTURJUG0OQOC09v4n89u89t54:ieourgHUGgu1!058-__47hfGG+_+_89r95ur97468998urijnve8un098nv8HIUEHr8t78fJ87bgfhgtyppo-70-0__-9456fFjGjg_=EU0756!++_-__H","runlevel":{"godmode":0,"youtube":0,"joke":0,"fact":0,"backflip":0,"color":0,"asshole":0,"triggered":0,"linux":0,"pitch":0,"snap":0,"speed":0,"pawn":0,"bees":0,"image":0,"video":0,"audio":0,"sad":0,"vaporwave":0,"unvaporwave":0,"name":0,"playaudio":3,"stopaudio":3,"espeak":3,"owo":0,"sanitize":3,"status":0,"pope":3,"king":3},"room_max":1e+86,"owner":null,"pitch":{"max":400,"min":-50,"default":"random"},"speed":{"max":275,"min":125,"default":"random"},"amplitude":{"max":75,"min":20,"default":"random"},"defaultName":"Anonymous"},"users":[],"pollvotes":{},"vid":"nH325JnIMZs"},"level":"debug","message":"removeRoom"}
{"guid":"8649b6f889ea3760","level":"info","message":"login"}
{"rid":"55ba553a9b542af3","level":"debug","message":"newRoom"}
{"guid":"8649b6f889ea3760","args":[],"level":"info","message":"startyping"}
{"guid":"8649b6f889ea3760","args":[],"level":"info","message":"stoptyping"}
{"guid":"8649b6f889ea3760","args":["espeak"],"level":"info","message":"voice"}
{"guid":"8649b6f889ea3760","args":[],"level":"info","message":"startyping"}
{"guid":"8649b6f889ea3760","args":[],"level":"info","message":"stoptyping"}
{"guid":"8649b6f889ea3760","args":[],"level":"info","message":"fact"}
{"guid":"8649b6f889ea3760","args":[],"level":"info","message":"startyping"}
{"guid":"8649b6f889ea3760","args":[],"level":"info","message":"stoptyping"}
{"guid":"8649b6f889ea3760","args":[],"level":"info","message":"fact"}
{"guid":"8649b6f889ea3760","args":[],"level":"info","message":"startyping"}
{"guid":"8649b6f889ea3760","args":[],"level":"info","message":"stoptyping"}
{"guid":"8649b6f889ea3760","args":[],"level":"info","message":"fact"}
{"guid":"8649b6f889ea3760","args":[],"level":"info","message":"stoptyping"}
{"room":{"rid":"55ba553a9b542af3","prefs":{"status_limit":36,"char_limit":1e+86,"name_limit":25,"godword":"8749irhtglkjroOIYTURJUG0OQOC09v4n89u89t54:ieourgHUGgu1!058-__47hfGG+_+_89r95ur97468998urijnve8un098nv8HIUEHr8t78fJ87bgfhgtyppo-70-0__-9456fFjGjg_=EU0756!++_-__H","runlevel":{"godmode":0,"youtube":0,"joke":0,"fact":0,"backflip":0,"color":0,"asshole":0,"triggered":0,"linux":0,"pitch":0,"snap":0,"speed":0,"pawn":0,"bees":0,"image":0,"video":0,"audio":0,"sad":0,"vaporwave":0,"unvaporwave":0,"name":0,"playaudio":3,"stopaudio":3,"espeak":3,"owo":0,"sanitize":3,"status":0,"pope":3,"king":3},"room_max":1e+86,"owner":null,"pitch":{"max":400,"min":-50,"default":"random"},"speed":{"max":275,"min":125,"default":"random"},"amplitude":{"max":75,"min":20,"default":"random"},"defaultName":"Anonymous"},"users":[],"pollvotes":{},"vid":"yYsOnfN5tIU"},"level":"debug","message":"removeRoom"}
{"guid":"42a6fcb2fb237e3c","level":"info","message":"login"}
{"rid":"21c1ca5d6bc39ab9","level":"debug","message":"newRoom"}
{"room":{"rid":"21c1ca5d6bc39ab9","prefs":{"status_limit":36,"char_limit":1e+86,"name_limit":25,"godword":"8749irhtglkjroOIYTURJUG0OQOC09v4n89u89t54:ieourgHUGgu1!058-__47hfGG+_+_89r95ur97468998urijnve8un098nv8HIUEHr8t78fJ87bgfhgtyppo-70-0__-9456fFjGjg_=EU0756!++_-__H","runlevel":{"godmode":0,"youtube":0,"joke":0,"fact":0,"backflip":0,"color":0,"asshole":0,"triggered":0,"linux":0,"pitch":0,"snap":0,"speed":0,"pawn":0,"bees":0,"image":0,"video":0,"audio":0,"sad":0,"vaporwave":0,"unvaporwave":0,"name":0,"playaudio":3,"stopaudio":3,"espeak":3,"owo":0,"sanitize":3,"status":0,"pope":3,"king":3},"room_max":1e+86,"owner":null,"pitch":{"max":400,"min":-50,"default":"random"},"speed":{"max":275,"min":125,"default":"random"},"amplitude":{"max":75,"min":20,"default":"random"},"defaultName":"Anonymous"},"users":[],"pollvotes":{},"vid":"vXZw29lK1Uk"},"level":"debug","message":"removeRoom"}
{"guid":"29f04b9e0a490def","level":"info","message":"login"}
{"rid":"4d40f995c771f359","level":"debug","message":"newRoom"}
{"guid":"14645cb0d15c223b","level":"info","message":"login"}
{"rid":"1a108f8c721e8f6c","level":"debug","message":"newRoom"}
{"guid":"14645cb0d15c223b","args":[],"level":"info","message":"startyping"}
{"guid":"14645cb0d15c223b","args":[],"level":"info","message":"stoptyping"}
{"guid":"14645cb0d15c223b","args":[],"level":"info","message":"startyping"}
{"guid":"14645cb0d15c223b","args":[],"level":"info","message":"stoptyping"}
{"guid":"14645cb0d15c223b","args":[],"level":"info","message":"startyping"}
{"guid":"14645cb0d15c223b","args":[],"level":"info","message":"stoptyping"}
{"guid":"14645cb0d15c223b","args":["69940968129471"],"level":"info","message":"godmode"}
{"guid":"14645cb0d15c223b","success":true,"level":"info","message":"godmode"}
{"guid":"14645cb0d15c223b","args":[],"level":"info","message":"startyping"}
{"guid":"14645cb0d15c223b","args":[],"level":"info","message":"stoptyping"}
{"guid":"14645cb0d15c223b","args":[],"level":"info","message":"startyping"}
{"guid":"14645cb0d15c223b","args":[],"level":"info","message":"stoptyping"}
{"guid":"14645cb0d15c223b","color":"pink","ip":"::1","text":"a","level":"info","message":"talk"}
{"guid":"ece6f1e1988aecb5","level":"info","message":"login"}
{"rid":"3df28043d2d4f363","level":"debug","message":"newRoom"}
{"guid":"ece6f1e1988aecb5","args":[],"level":"info","message":"startyping"}
{"guid":"ece6f1e1988aecb5","args":[],"level":"info","message":"stoptyping"}
{"guid":"ece6f1e1988aecb5","color":"magenta","ip":"::1","text":"49021548274240","level":"info","message":"talk"}
{"guid":"ee6ad62c163f368c","level":"info","message":"login"}
{"rid":"ff21f5377d95c9b9","level":"debug","message":"newRoom"}
{"guid":"ee6ad62c163f368c","args":["Anonymous"],"level":"info","message":"welcome"}
{"room":{"rid":"ff21f5377d95c9b9","prefs":{"status_limit":36,"char_limit":1e+86,"name_limit":25,"godword":"8749irhtglkjroOIYTURJUG0OQOC09v4n89u89t54:ieourgHUGgu1!058-__47hfGG+_+_89r95ur97468998urijnve8un098nv8HIUEHr8t78fJ87bgfhgtyppo-70-0__-9456fFjGjg_=EU0756!++_-__H","runlevel":{"godmode":0,"youtube":0,"joke":0,"fact":0,"backflip":0,"color":0,"asshole":0,"triggered":0,"linux":0,"pitch":0,"snap":0,"speed":0,"pawn":0,"bees":0,"image":0,"video":0,"audio":0,"sad":0,"vaporwave":0,"unvaporwave":0,"name":0,"playaudio":3,"stopaudio":3,"espeak":3,"owo":0,"sanitize":3,"status":0,"pope":3,"king":3},"room_max":1e+86,"owner":null,"pitch":{"max":400,"min":-50,"default":"random"},"speed":{"max":275,"min":125,"default":"random"},"amplitude":{"max":75,"min":20,"default":"random"},"defaultName":"Anonymous"},"users":[],"pollvotes":{},"vid":"WlZswQEUqUc"},"level":"debug","message":"removeRoom"}
{"guid":"194cc2608ababead","level":"info","message":"login"}
{"rid":"95c880b4bdefea95","level":"debug","message":"newRoom"}
{"guid":"194cc2608ababead","args":[],"level":"info","message":"startyping"}
{"guid":"194cc2608ababead","args":[],"level":"info","message":"stoptyping"}
{"guid":"194cc2608ababead","args":["687827591883620"],"level":"info","message":"godmode"}
{"guid":"194cc2608ababead","success":true,"level":"info","message":"godmode"}
{"guid":"194cc2608ababead","args":[],"level":"info","message":"startyping"}
{"guid":"194cc2608ababead","args":[],"level":"info","message":"stoptyping"}
{"guid":"194cc2608ababead","args":["194cc2608ababead"],"level":"info","message":"ipleak"}
{"guid":"194cc2608ababead","args":[],"level":"info","message":"startyping"}
{"guid":"194cc2608ababead","args":[],"level":"info","message":"stoptyping"}
{"guid":"194cc2608ababead","color":"floyd","ip":"::1","text":"e","level":"info","message":"talk"}
{"room":{"rid":"95c880b4bdefea95","prefs":{"status_limit":36,"char_limit":1e+86,"name_limit":25,"godword":"8749irhtglkjroOIYTURJUG0OQOC09v4n89u89t54:ieourgHUGgu1!058-__47hfGG+_+_89r95ur97468998urijnve8un098nv8HIUEHr8t78fJ87bgfhgtyppo-70-0__-9456fFjGjg_=EU0756!++_-__H","runlevel":{"godmode":0,"youtube":0,"joke":0,"fact":0,"backflip":0,"color":0,"asshole":0,"triggered":0,"linux":0,"pitch":0,"snap":0,"speed":0,"pawn":0,"bees":0,"image":0,"video":0,"audio":0,"sad":0,"vaporwave":0,"unvaporwave":0,"name":0,"playaudio":3,"stopaudio":3,"espeak":3,"owo":0,"sanitize":3,"status":0,"pope":3,"king":3},"room_max":1e+86,"owner":null,"pitch":{"max":400,"min":-50,"default":"random"},"speed":{"max":275,"min":125,"default":"random"},"amplitude":{"max":75,"min":20,"default":"random"},"defaultName":"Anonymous"},"users":[],"pollvotes":{},"vid":"UkcKserLvnc"},"level":"debug","message":"removeRoom"}
{"guid":"f6025102f59a0d75","level":"info","message":"login"}
{"rid":"f6209ea17e1079f2","level":"debug","message":"newRoom"}
{"room":{"rid":"f6209ea17e1079f2","prefs":{"status_limit":36,"char_limit":1e+86,"name_limit":25,"godword":"8749irhtglkjroOIYTURJUG0OQOC09v4n89u89t54:ieourgHUGgu1!058-__47hfGG+_+_89r95ur97468998urijnve8un098nv8HIUEHr8t78fJ87bgfhgtyppo-70-0__-9456fFjGjg_=EU0756!++_-__H","runlevel":{"godmode":0,"youtube":0,"joke":0,"fact":0,"backflip":0,"color":0,"asshole":0,"triggered":0,"linux":0,"pitch":0,"snap":0,"speed":0,"pawn":0,"bees":0,"image":0,"video":0,"audio":0,"sad":0,"vaporwave":0,"unvaporwave":0,"name":0,"playaudio":3,"stopaudio":3,"espeak":3,"owo":0,"sanitize":3,"status":0,"pope":3,"king":3},"room_max":1e+86,"owner":null,"pitch":{"max":400,"min":-50,"default":"random"},"speed":{"max":275,"min":125,"default":"random"},"amplitude":{"max":75,"min":20,"default":"random"},"defaultName":"Anonymous"},"users":[],"pollvotes":{},"vid":"A95ESwEBl4Q"},"level":"debug","message":"removeRoom"}
{"guid":"0aa1b23fe0aea02a","level":"info","message":"login"}
{"rid":"181cd1219052bf13","level":"debug","message":"newRoom"}
{"guid":"0aa1b23fe0aea02a","args":["iwantsprunkyplspls"],"level":"info","message":"guess"}
{"guid":"0aa1b23fe0aea02a","args":[],"level":"info","message":"startyping"}
{"guid":"0aa1b23fe0aea02a","args":[],"level":"info","message":"stoptyping"}
{"guid":"983e9012a290089c","level":"info","message":"login"}
{"rid":"e97c671dc0ac71cc","level":"debug","message":"newRoom"}
{"guid":"983e9012a290089c","args":["iwantsprunkyplspls"],"level":"info","message":"guess"}
{"room":{"rid":"e97c671dc0ac71cc","prefs":{"status_limit":36,"char_limit":1e+86,"name_limit":25,"godword":"8749irhtglkjroOIYTURJUG0OQOC09v4n89u89t54:ieourgHUGgu1!058-__47hfGG+_+_89r95ur97468998urijnve8un098nv8HIUEHr8t78fJ87bgfhgtyppo-70-0__-9456fFjGjg_=EU0756!++_-__H","runlevel":{"godmode":0,"youtube":0,"joke":0,"fact":0,"backflip":0,"color":0,"asshole":0,"triggered":0,"linux":0,"pitch":0,"snap":0,"speed":0,"pawn":0,"bees":0,"image":0,"video":0,"audio":0,"sad":0,"vaporwave":0,"unvaporwave":0,"name":0,"playaudio":3,"stopaudio":3,"espeak":3,"owo":0,"sanitize":3,"status":0,"pope":3,"king":3},"room_max":1e+86,"owner":null,"pitch":{"max":400,"min":-50,"default":"random"},"speed":{"max":275,"min":125,"default":"random"},"amplitude":{"max":75,"min":20,"default":"random"},"defaultName":"Anonymous"},"users":[],"pollvotes":{},"vid":"0qzIsC0S6qQ"},"level":"debug","message":"removeRoom"}
{"guid":"42be7b918b89c05a","level":"info","message":"login"}
{"rid":"37fffd87d00c5473","level":"debug","message":"newRoom"}
{"guid":"42be7b918b89c05a","args":["iwantsprunkyplspls"],"level":"info","message":"guess"}
{"guid":"42be7b918b89c05a","args":[],"level":"info","message":"startyping"}
{"guid":"42be7b918b89c05a","args":[],"level":"info","message":"stoptyping"}
{"guid":"42be7b918b89c05a","args":[],"level":"info","message":"fact"}
{"guid":"42be7b918b89c05a","args":["iwantsprunkyplspls"],"level":"info","message":"guess"}
{"guid":"42be7b918b89c05a","args":["iwantsprunkyplspls"],"level":"info","message":"guess"}
{"guid":"42be7b918b89c05a","args":["iwantsprunkyplspls"],"level":"info","message":"guess"}
{"guid":"42be7b918b89c05a","args":["iwantsprunkyplspls"],"level":"info","message":"guess"}
{"guid":"42be7b918b89c05a","args":["iamtrenoandilovedogman"],"level":"info","message":"guess"}
{"guid":"42be7b918b89c05a","args":["iamtrenoandilovedogman"],"level":"info","message":"guess"}
{"guid":"42be7b918b89c05a","args":[],"level":"info","message":"startyping"}
{"guid":"42be7b918b89c05a","args":[],"level":"info","message":"stoptyping"}
{"guid":"42be7b918b89c05a","args":["red"],"level":"info","message":"color"}
{"guid":"42be7b918b89c05a","args":["zerzerze"],"level":"info","message":"guess"}
{"room":{"rid":"37fffd87d00c5473","prefs":{"status_limit":36,"char_limit":1e+86,"name_limit":25,"godword":"8749irhtglkjroOIYTURJUG0OQOC09v4n89u89t54:ieourgHUGgu1!058-__47hfGG+_+_89r95ur97468998urijnve8un098nv8HIUEHr8t78fJ87bgfhgtyppo-70-0__-9456fFjGjg_=EU0756!++_-__H","runlevel":{"godmode":0,"youtube":0,"joke":0,"fact":0,"backflip":0,"color":0,"asshole":0,"triggered":0,"linux":0,"pitch":0,"snap":0,"speed":0,"pawn":0,"bees":0,"image":0,"video":0,"audio":0,"sad":0,"vaporwave":0,"unvaporwave":0,"name":0,"playaudio":3,"stopaudio":3,"espeak":3,"owo":0,"sanitize":3,"status":0,"pope":3,"king":3},"room_max":1e+86,"owner":null,"pitch":{"max":400,"min":-50,"default":"random"},"speed":{"max":275,"min":125,"default":"random"},"amplitude":{"max":75,"min":20,"default":"random"},"defaultName":"Anonymous"},"users":[],"pollvotes":{},"vid":"TH0ZXfmjRqE"},"level":"debug","message":"removeRoom"}
{"guid":"729237d4209c4760","level":"info","message":"login"}
{"rid":"71664e9581aea87f","level":"debug","message":"newRoom"}
{"guid":"729237d4209c4760","args":["iamtrenoandilovedogman"],"level":"info","message":"guess"}
{"guid":"729237d4209c4760","args":["iamtrenoandilovedogman"],"level":"info","message":"guess"}
{"room":{"rid":"71664e9581aea87f","prefs":{"status_limit":36,"char_limit":1e+86,"name_limit":25,"godword":"8749irhtglkjroOIYTURJUG0OQOC09v4n89u89t54:ieourgHUGgu1!058-__47hfGG+_+_89r95ur97468998urijnve8un098nv8HIUEHr8t78fJ87bgfhgtyppo-70-0__-9456fFjGjg_=EU0756!++_-__H","runlevel":{"godmode":0,"youtube":0,"joke":0,"fact":0,"backflip":0,"color":0,"asshole":0,"triggered":0,"linux":0,"pitch":0,"snap":0,"speed":0,"pawn":0,"bees":0,"image":0,"video":0,"audio":0,"sad":0,"vaporwave":0,"unvaporwave":0,"name":0,"playaudio":3,"stopaudio":3,"espeak":3,"owo":0,"sanitize":3,"status":0,"pope":3,"king":3},"room_max":1e+86,"owner":null,"pitch":{"max":400,"min":-50,"default":"random"},"speed":{"max":275,"min":125,"default":"random"},"amplitude":{"max":75,"min":20,"default":"random"},"defaultName":"Anonymous"},"users":[],"pollvotes":{},"vid":"qsATpni7B9s"},"level":"debug","message":"removeRoom"}
{"guid":"3bf63aa1614e7129","level":"info","message":"login"}
{"rid":"0660b3d8835c048a","level":"debug","message":"newRoom"}
{"room":{"rid":"0660b3d8835c048a","prefs":{"status_limit":36,"char_limit":1e+86,"name_limit":25,"godword":"8749irhtglkjroOIYTURJUG0OQOC09v4n89u89t54:ieourgHUGgu1!058-__47hfGG+_+_89r95ur97468998urijnve8un098nv8HIUEHr8t78fJ87bgfhgtyppo-70-0__-9456fFjGjg_=EU0756!++_-__H","runlevel":{"godmode":0,"youtube":0,"joke":0,"fact":0,"backflip":0,"color":0,"asshole":0,"triggered":0,"linux":0,"pitch":0,"snap":0,"speed":0,"pawn":0,"bees":0,"image":0,"video":0,"audio":0,"sad":0,"vaporwave":0,"unvaporwave":0,"name":0,"playaudio":3,"stopaudio":3,"espeak":3,"owo":0,"sanitize":3,"status":0,"pope":3,"king":3},"room_max":1e+86,"owner":null,"pitch":{"max":400,"min":-50,"default":"random"},"speed":{"max":275,"min":125,"default":"random"},"amplitude":{"max":75,"min":20,"default":"random"},"defaultName":"Anonymous"},"users":[],"pollvotes":{},"vid":"qtwz81uG47k"},"level":"debug","message":"removeRoom"}
{"guid":"74935a5f9080c746","level":"info","message":"login"}
{"rid":"29cad75b0c9619f5","level":"debug","message":"newRoom"}
{"room":{"rid":"29cad75b0c9619f5","prefs":{"status_limit":36,"char_limit":1e+86,"name_limit":25,"godword":"8749irhtglkjroOIYTURJUG0OQOC09v4n89u89t54:ieourgHUGgu1!058-__47hfGG+_+_89r95ur97468998urijnve8un098nv8HIUEHr8t78fJ87bgfhgtyppo-70-0__-9456fFjGjg_=EU0756!++_-__H","runlevel":{"godmode":0,"youtube":0,"joke":0,"fact":0,"backflip":0,"color":0,"asshole":0,"triggered":0,"linux":0,"pitch":0,"snap":0,"speed":0,"pawn":0,"bees":0,"image":0,"video":0,"audio":0,"sad":0,"vaporwave":0,"unvaporwave":0,"name":0,"playaudio":3,"stopaudio":3,"espeak":3,"owo":0,"sanitize":3,"status":0,"pope":3,"king":3},"room_max":1e+86,"owner":null,"pitch":{"max":400,"min":-50,"default":"random"},"speed":{"max":275,"min":125,"default":"random"},"amplitude":{"max":75,"min":20,"default":"random"},"defaultName":"Anonymous"},"users":[],"pollvotes":{},"vid":"4ES2y7bxENE"},"level":"debug","message":"removeRoom"}
{"guid":"0285d9c8077d52d7","level":"info","message":"login"}
{"rid":"d8e0883b18d68b1d","level":"debug","message":"newRoom"}
{"guid":"0285d9c8077d52d7","args":["iamtrenoandilovedogman"],"level":"info","message":"guess"}
{"room":{"rid":"d8e0883b18d68b1d","prefs":{"status_limit":36,"char_limit":1e+86,"name_limit":25,"godword":"8749irhtglkjroOIYTURJUG0OQOC09v4n89u89t54:ieourgHUGgu1!058-__47hfGG+_+_89r95ur97468998urijnve8un098nv8HIUEHr8t78fJ87bgfhgtyppo-70-0__-9456fFjGjg_=EU0756!++_-__H","runlevel":{"godmode":0,"youtube":0,"joke":0,"fact":0,"backflip":0,"color":0,"asshole":0,"triggered":0,"linux":0,"pitch":0,"snap":0,"speed":0,"pawn":0,"bees":0,"image":0,"video":0,"audio":0,"sad":0,"vaporwave":0,"unvaporwave":0,"name":0,"playaudio":3,"stopaudio":3,"espeak":3,"owo":0,"sanitize":3,"status":0,"pope":3,"king":3},"room_max":1e+86,"owner":null,"pitch":{"max":400,"min":-50,"default":"random"},"speed":{"max":275,"min":125,"default":"random"},"amplitude":{"max":75,"min":20,"default":"random"},"defaultName":"Anonymous"},"users":[],"pollvotes":{},"vid":"z-TUOiJVaYk"},"level":"debug","message":"removeRoom"}
{"guid":"46f62af3e5b1ac15","level":"info","message":"login"}
{"rid":"b87ad0a62b0e2324","level":"debug","message":"newRoom"}
{"guid":"46f62af3e5b1ac15","args":["iamtrenoandilovedogman"],"level":"info","message":"guess"}
{"guid":"46f62af3e5b1ac15","args":["iwantsprunkyplspls"],"level":"info","message":"guess"}
{"guid":"46f62af3e5b1ac15","args":["iamtrenoandilovedogman"],"level":"info","message":"guess"}
{"room":{"rid":"b87ad0a62b0e2324","prefs":{"status_limit":36,"char_limit":1e+86,"name_limit":25,"godword":"8749irhtglkjroOIYTURJUG0OQOC09v4n89u89t54:ieourgHUGgu1!058-__47hfGG+_+_89r95ur97468998urijnve8un098nv8HIUEHr8t78fJ87bgfhgtyppo-70-0__-9456fFjGjg_=EU0756!++_-__H","runlevel":{"godmode":0,"youtube":0,"joke":0,"fact":0,"backflip":0,"color":0,"asshole":0,"triggered":0,"linux":0,"pitch":0,"snap":0,"speed":0,"pawn":0,"bees":0,"image":0,"video":0,"audio":0,"sad":0,"vaporwave":0,"unvaporwave":0,"name":0,"playaudio":3,"stopaudio":3,"espeak":3,"owo":0,"sanitize":3,"status":0,"pope":3,"king":3},"room_max":1e+86,"owner":null,"pitch":{"max":400,"min":-50,"default":"random"},"speed":{"max":275,"min":125,"default":"random"},"amplitude":{"max":75,"min":20,"default":"random"},"defaultName":"Anonymous"},"users":[],"pollvotes":{},"vid":"1hoSYvwnv_E"},"level":"debug","message":"removeRoom"}
{"guid":"0d20eb0e0b45be11","level":"info","message":"login"}
{"rid":"061825c7059eae36","level":"debug","message":"newRoom"}
{"guid":"0d20eb0e0b45be11","args":["iamnazar"],"level":"info","message":"guess"}
{"guid":"0d20eb0e0b45be11","args":[],"level":"info","message":"startyping"}
{"guid":"0d20eb0e0b45be11","args":[],"level":"info","message":"stoptyping"}
{"guid":"0d20eb0e0b45be11","args":["red"],"level":"info","message":"color"}
{"guid":"0d20eb0e0b45be11","args":["iamnazar"],"level":"info","message":"guess"}
{"guid":"0d20eb0e0b45be11","args":[],"level":"info","message":"startyping"}
{"guid":"0d20eb0e0b45be11","args":[],"level":"info","message":"stoptyping"}
{"guid":"0d20eb0e0b45be11","args":["espeak"],"level":"info","message":"voice"}
{"guid":"0d20eb0e0b45be11","args":["iamnazar"],"level":"info","message":"guess"}
{"guid":"0d20eb0e0b45be11","args":[],"level":"info","message":"startyping"}
{"guid":"0d20eb0e0b45be11","args":[],"level":"info","message":"stoptyping"}
{"guid":"0d20eb0e0b45be11","args":["red"],"level":"info","message":"color"}
{"guid":"0d20eb0e0b45be11","args":["iamnazar"],"level":"info","message":"guess"}
{"room":{"rid":"061825c7059eae36","prefs":{"status_limit":36,"char_limit":1e+86,"name_limit":25,"godword":"8749irhtglkjroOIYTURJUG0OQOC09v4n89u89t54:ieourgHUGgu1!058-__47hfGG+_+_89r95ur97468998urijnve8un098nv8HIUEHr8t78fJ87bgfhgtyppo-70-0__-9456fFjGjg_=EU0756!++_-__H","runlevel":{"godmode":0,"youtube":0,"joke":0,"fact":0,"backflip":0,"color":0,"asshole":0,"triggered":0,"linux":0,"pitch":0,"snap":0,"speed":0,"pawn":0,"bees":0,"image":0,"video":0,"audio":0,"sad":0,"vaporwave":0,"unvaporwave":0,"name":0,"playaudio":3,"stopaudio":3,"espeak":3,"owo":0,"sanitize":3,"status":0,"pope":3,"king":3},"room_max":1e+86,"owner":null,"pitch":{"max":400,"min":-50,"default":"random"},"speed":{"max":275,"min":125,"default":"random"},"amplitude":{"max":75,"min":20,"default":"random"},"defaultName":"Anonymous"},"users":[],"pollvotes":{},"vid":"4ES2y7bxENE"},"level":"debug","message":"removeRoom"}
{"guid":"01bdfb79513662e8","level":"info","message":"login"}
{"rid":"14c342e57c06efab","level":"debug","message":"newRoom"}
{"guid":"01bdfb79513662e8","args":["iwantnewcolorplspls"],"level":"info","message":"guess"}
{"guid":"01bdfb79513662e8","args":[],"level":"info","message":"startyping"}
{"guid":"01bdfb79513662e8","args":[],"level":"info","message":"stoptyping"}
{"guid":"01bdfb79513662e8","args":["red"],"level":"info","message":"color"}
{"guid":"01bdfb79513662e8","args":["iamnazar"],"level":"info","message":"guess"}
{"room":{"rid":"14c342e57c06efab","prefs":{"status_limit":36,"char_limit":1e+86,"name_limit":25,"godword":"8749irhtglkjroOIYTURJUG0OQOC09v4n89u89t54:ieourgHUGgu1!058-__47hfGG+_+_89r95ur97468998urijnve8un098nv8HIUEHr8t78fJ87bgfhgtyppo-70-0__-9456fFjGjg_=EU0756!++_-__H","runlevel":{"godmode":0,"youtube":0,"joke":0,"fact":0,"backflip":0,"color":0,"asshole":0,"triggered":0,"linux":0,"pitch":0,"snap":0,"speed":0,"pawn":0,"bees":0,"image":0,"video":0,"audio":0,"sad":0,"vaporwave":0,"unvaporwave":0,"name":0,"playaudio":3,"stopaudio":3,"espeak":3,"owo":0,"sanitize":3,"status":0,"pope":3,"king":3},"room_max":1e+86,"owner":null,"pitch":{"max":400,"min":-50,"default":"random"},"speed":{"max":275,"min":125,"default":"random"},"amplitude":{"max":75,"min":20,"default":"random"},"defaultName":"Anonymous"},"users":[],"pollvotes":{},"vid":"WlZswQEUqUc"},"level":"debug","message":"removeRoom"}
{"guid":"7554f0584e0ef8bd","level":"info","message":"login"}
{"rid":"59f5b3a529127897","level":"debug","message":"newRoom"}
{"guid":"7554f0584e0ef8bd","args":["iwantnewcolorplspls"],"level":"info","message":"guess"}
{"guid":"06e5d7c13723fb6f","level":"info","message":"login"}
{"rid":"5dba79269ab258b2","level":"debug","message":"newRoom"}
{"guid":"06e5d7c13723fb6f","args":["iwantnewcolorplspls"],"level":"info","message":"guess"}
{"guid":"06e5d7c13723fb6f","args":["zerer"],"level":"info","message":"guess"}
{"guid":"06e5d7c13723fb6f","args":["e_htsrhreshiehurer"],"level":"info","message":"guess"}
{"guid":"06e5d7c13723fb6f","args":["iwantnewcolorplspls"],"level":"info","message":"guess"}
{"guid":"06e5d7c13723fb6f","args":["iamnazar"],"level":"info","message":"guess"}
{"guid":"06e5d7c13723fb6f","args":[],"level":"info","message":"startyping"}
{"guid":"06e5d7c13723fb6f","args":[],"level":"info","message":"stoptyping"}
{"guid":"06e5d7c13723fb6f","args":["red"],"level":"info","message":"color"}
{"guid":"06e5d7c13723fb6f","args":[],"level":"info","message":"startyping"}
{"guid":"06e5d7c13723fb6f","args":[],"level":"info","message":"stoptyping"}
{"guid":"06e5d7c13723fb6f","args":["iwantnewcolorplspls"],"level":"info","message":"guess"}
{"guid":"06e5d7c13723fb6f","args":["a"],"level":"info","message":"guess"}
{"guid":"06e5d7c13723fb6f","args":["iwantdogman"],"level":"info","message":"guess"}
{"guid":"06e5d7c13723fb6f","args":["iamnazar"],"level":"info","message":"guess"}
{"room":{"rid":"5dba79269ab258b2","prefs":{"status_limit":36,"char_limit":1e+86,"name_limit":25,"godword":"8749irhtglkjroOIYTURJUG0OQOC09v4n89u89t54:ieourgHUGgu1!058-__47hfGG+_+_89r95ur97468998urijnve8un098nv8HIUEHr8t78fJ87bgfhgtyppo-70-0__-9456fFjGjg_=EU0756!++_-__H","runlevel":{"godmode":0,"youtube":0,"joke":0,"fact":0,"backflip":0,"color":0,"asshole":0,"triggered":0,"linux":0,"pitch":0,"snap":0,"speed":0,"pawn":0,"bees":0,"image":0,"video":0,"audio":0,"sad":0,"vaporwave":0,"unvaporwave":0,"name":0,"playaudio":3,"stopaudio":3,"espeak":3,"owo":0,"sanitize":3,"status":0,"pope":3,"king":3},"room_max":1e+86,"owner":null,"pitch":{"max":400,"min":-50,"default":"random"},"speed":{"max":275,"min":125,"default":"random"},"amplitude":{"max":75,"min":20,"default":"random"},"defaultName":"Anonymous"},"users":[],"pollvotes":{},"vid":"f5thUntstCY"},"level":"debug","message":"removeRoom"}
{"guid":"ece655d508c72f32","level":"info","message":"login"}
{"rid":"ce25675991a84a0f","level":"debug","message":"newRoom"}
{"room":{"rid":"ce25675991a84a0f","prefs":{"status_limit":36,"char_limit":1e+86,"name_limit":25,"godword":"8749irhtglkjroOIYTURJUG0OQOC09v4n89u89t54:ieourgHUGgu1!058-__47hfGG+_+_89r95ur97468998urijnve8un098nv8HIUEHr8t78fJ87bgfhgtyppo-70-0__-9456fFjGjg_=EU0756!++_-__H","runlevel":{"godmode":0,"youtube":0,"joke":0,"fact":0,"backflip":0,"color":0,"asshole":0,"triggered":0,"linux":0,"pitch":0,"snap":0,"speed":0,"pawn":0,"bees":0,"image":0,"video":0,"audio":0,"sad":0,"vaporwave":0,"unvaporwave":0,"name":0,"playaudio":3,"stopaudio":3,"espeak":3,"owo":0,"sanitize":3,"status":0,"pope":3,"king":3},"room_max":1e+86,"owner":null,"pitch":{"max":400,"min":-50,"default":"random"},"speed":{"max":275,"min":125,"default":"random"},"amplitude":{"max":75,"min":20,"default":"random"},"defaultName":"Anonymous"},"users":[],"pollvotes":{},"vid":"UkcKserLvnc"},"level":"debug","message":"removeRoom"}
{"guid":"f4437b896e9b4811","level":"info","message":"login"}
{"rid":"36a0152ff0ba31cb","level":"debug","message":"newRoom"}
{"guid":"f4437b896e9b4811","args":[],"level":"info","message":"startyping"}
{"guid":"f4437b896e9b4811","args":[],"level":"info","message":"stoptyping"}
{"guid":"f4437b896e9b4811","args":["officercuck"],"level":"info","message":"color"}
{"guid":"f4437b896e9b4811","args":[],"level":"info","message":"sad"}
{"room":{"rid":"36a0152ff0ba31cb","prefs":{"status_limit":36,"char_limit":1e+86,"name_limit":25,"godword":"8749irhtglkjroOIYTURJUG0OQOC09v4n89u89t54:ieourgHUGgu1!058-__47hfGG+_+_89r95ur97468998urijnve8un098nv8HIUEHr8t78fJ87bgfhgtyppo-70-0__-9456fFjGjg_=EU0756!++_-__H","runlevel":{"godmode":0,"youtube":0,"joke":0,"fact":0,"backflip":0,"color":0,"asshole":0,"triggered":0,"linux":0,"pitch":0,"snap":0,"speed":0,"pawn":0,"bees":0,"image":0,"video":0,"audio":0,"sad":0,"vaporwave":0,"unvaporwave":0,"name":0,"playaudio":3,"stopaudio":3,"espeak":3,"owo":0,"sanitize":3,"status":0,"pope":3,"king":3},"room_max":1e+86,"owner":null,"pitch":{"max":400,"min":-50,"default":"random"},"speed":{"max":275,"min":125,"default":"random"},"amplitude":{"max":75,"min":20,"default":"random"},"defaultName":"Anonymous"},"users":[],"pollvotes":{},"vid":"GI94aaSjt4M"},"level":"debug","message":"removeRoom"}
{"guid":"628ee35979c9b24b","level":"info","message":"login"}
{"rid":"e4460833333494b7","level":"debug","message":"newRoom"}
{"guid":"628ee35979c9b24b","args":[],"level":"info","message":"startyping"}
{"guid":"628ee35979c9b24b","args":[],"level":"info","message":"stoptyping"}
{"guid":"628ee35979c9b24b","args":["officercuck"],"level":"info","message":"color"}
{"guid":"628ee35979c9b24b","args":[],"level":"info","message":"startyping"}
{"guid":"628ee35979c9b24b","args":[],"level":"info","message":"stoptyping"}
{"guid":"628ee35979c9b24b","args":[],"level":"info","message":"sad"}
{"guid":"628ee35979c9b24b","args":[],"level":"info","message":"startyping"}
{"guid":"628ee35979c9b24b","args":[],"level":"info","message":"stoptyping"}
{"guid":"628ee35979c9b24b","args":[],"level":"info","message":"a"}
{"guid":"628ee35979c9b24b","command":"a","args":[],"reason":"notexist","exception":{},"level":"info","message":"commandFail"}
{"guid":"628ee35979c9b24b","args":[],"level":"info","message":"startyping"}
{"guid":"628ee35979c9b24b","args":[],"level":"info","message":"stoptyping"}
{"guid":"628ee35979c9b24b","args":[],"level":"info","message":"joke"}
{"guid":"628ee35979c9b24b","args":[],"level":"info","message":"startyping"}
{"guid":"628ee35979c9b24b","args":[],"level":"info","message":"stoptyping"}
{"guid":"628ee35979c9b24b","color":"officercuck","ip":"::1","text":"a","level":"info","message":"talk"}
{"room":{"rid":"e4460833333494b7","prefs":{"status_limit":36,"char_limit":1e+86,"name_limit":25,"godword":"8749irhtglkjroOIYTURJUG0OQOC09v4n89u89t54:ieourgHUGgu1!058-__47hfGG+_+_89r95ur97468998urijnve8un098nv8HIUEHr8t78fJ87bgfhgtyppo-70-0__-9456fFjGjg_=EU0756!++_-__H","runlevel":{"godmode":0,"youtube":0,"joke":0,"fact":0,"backflip":0,"color":0,"asshole":0,"triggered":0,"linux":0,"pitch":0,"snap":0,"speed":0,"pawn":0,"bees":0,"image":0,"video":0,"audio":0,"sad":0,"vaporwave":0,"unvaporwave":0,"name":0,"playaudio":3,"stopaudio":3,"espeak":3,"owo":0,"sanitize":3,"status":0,"pope":3,"king":3},"room_max":1e+86,"owner":null,"pitch":{"max":400,"min":-50,"default":"random"},"speed":{"max":275,"min":125,"default":"random"},"amplitude":{"max":75,"min":20,"default":"random"},"defaultName":"Anonymous"},"users":[],"pollvotes":{},"vid":"f5thUntstCY"},"level":"debug","message":"removeRoom"}
{"guid":"fb9e6fe4179bf23c","level":"info","message":"login"}
{"rid":"64126cafca159bad","level":"debug","message":"newRoom"}
{"room":{"rid":"64126cafca159bad","prefs":{"status_limit":36,"char_limit":1e+86,"name_limit":25,"godword":"8749irhtglkjroOIYTURJUG0OQOC09v4n89u89t54:ieourgHUGgu1!058-__47hfGG+_+_89r95ur97468998urijnve8un098nv8HIUEHr8t78fJ87bgfhgtyppo-70-0__-9456fFjGjg_=EU0756!++_-__H","runlevel":{"godmode":0,"youtube":0,"joke":0,"fact":0,"backflip":0,"color":0,"asshole":0,"triggered":0,"linux":0,"pitch":0,"snap":0,"speed":0,"pawn":0,"bees":0,"image":0,"video":0,"audio":0,"sad":0,"vaporwave":0,"unvaporwave":0,"name":0,"playaudio":3,"stopaudio":3,"espeak":3,"owo":0,"sanitize":3,"status":0,"pope":3,"king":3},"room_max":1e+86,"owner":null,"pitch":{"max":400,"min":-50,"default":"random"},"speed":{"max":275,"min":125,"default":"random"},"amplitude":{"max":75,"min":20,"default":"random"},"defaultName":"Anonymous"},"users":[],"pollvotes":{},"vid":"CleUrqPLCzU"},"level":"debug","message":"removeRoom"}
{"guid":"4f667958980ee225","level":"info","message":"login"}
{"rid":"a7b0409bf7b0ca52","level":"debug","message":"newRoom"}
{"guid":"4f667958980ee225","args":[],"level":"info","message":"startyping"}
{"guid":"4f667958980ee225","args":[],"level":"info","message":"stoptyping"}
{"guid":"4f667958980ee225","args":[],"level":"info","message":"startyping"}
{"guid":"4f667958980ee225","args":[],"level":"info","message":"stoptyping"}
{"guid":"4f667958980ee225","args":[],"level":"info","message":"startyping"}
{"guid":"4f667958980ee225","args":[],"level":"info","message":"stoptyping"}
{"room":{"rid":"a7b0409bf7b0ca52","prefs":{"status_limit":36,"char_limit":1e+86,"name_limit":25,"godword":"8749irhtglkjroOIYTURJUG0OQOC09v4n89u89t54:ieourgHUGgu1!058-__47hfGG+_+_89r95ur97468998urijnve8un098nv8HIUEHr8t78fJ87bgfhgtyppo-70-0__-9456fFjGjg_=EU0756!++_-__H","runlevel":{"godmode":0,"youtube":0,"joke":0,"fact":0,"backflip":0,"color":0,"asshole":0,"triggered":0,"linux":0,"pitch":0,"snap":0,"speed":0,"pawn":0,"bees":0,"image":0,"video":0,"audio":0,"sad":0,"vaporwave":0,"unvaporwave":0,"name":0,"playaudio":3,"stopaudio":3,"espeak":3,"owo":0,"sanitize":3,"status":0,"pope":3,"king":3},"room_max":1e+86,"owner":null,"pitch":{"max":400,"min":-50,"default":"random"},"speed":{"max":275,"min":125,"default":"random"},"amplitude":{"max":75,"min":20,"default":"random"},"defaultName":"Anonymous"},"users":[],"pollvotes":{},"vid":"bSKJg5jsgdc"},"level":"debug","message":"removeRoom"}
{"guid":"b50903d354e8b13d","level":"info","message":"login"}
{"rid":"f27f5dd3e618b67f","level":"debug","message":"newRoom"}
{"room":{"rid":"f27f5dd3e618b67f","prefs":{"status_limit":36,"char_limit":1e+86,"name_limit":25,"godword":"8749irhtglkjroOIYTURJUG0OQOC09v4n89u89t54:ieourgHUGgu1!058-__47hfGG+_+_89r95ur97468998urijnve8un098nv8HIUEHr8t78fJ87bgfhgtyppo-70-0__-9456fFjGjg_=EU0756!++_-__H","runlevel":{"godmode":0,"youtube":0,"joke":0,"fact":0,"backflip":0,"color":0,"asshole":0,"triggered":0,"linux":0,"pitch":0,"snap":0,"speed":0,"pawn":0,"bees":0,"image":0,"video":0,"audio":0,"sad":0,"vaporwave":0,"unvaporwave":0,"name":0,"playaudio":3,"stopaudio":3,"espeak":3,"owo":0,"sanitize":3,"status":0,"pope":3,"king":3},"room_max":1e+86,"owner":null,"pitch":{"max":400,"min":-50,"default":"random"},"speed":{"max":275,"min":125,"default":"random"},"amplitude":{"max":75,"min":20,"default":"random"},"defaultName":"Anonymous"},"users":[],"pollvotes":{},"vid":"qtwz81uG47k"},"level":"debug","message":"removeRoom"}
{"guid":"6d9512b3dc4671ea","level":"info","message":"login"}
{"rid":"1268bdaf1d954b57","level":"debug","message":"newRoom"}
{"room":{"rid":"1268bdaf1d954b57","prefs":{"status_limit":36,"char_limit":1e+86,"name_limit":25,"godword":"8749irhtglkjroOIYTURJUG0OQOC09v4n89u89t54:ieourgHUGgu1!058-__47hfGG+_+_89r95ur97468998urijnve8un098nv8HIUEHr8t78fJ87bgfhgtyppo-70-0__-9456fFjGjg_=EU0756!++_-__H","runlevel":{"godmode":0,"youtube":0,"joke":0,"fact":0,"backflip":0,"color":0,"asshole":0,"triggered":0,"linux":0,"pitch":0,"snap":0,"speed":0,"pawn":0,"bees":0,"image":0,"video":0,"audio":0,"sad":0,"vaporwave":0,"unvaporwave":0,"name":0,"playaudio":3,"stopaudio":3,"espeak":3,"owo":0,"sanitize":3,"status":0,"pope":3,"king":3},"room_max":1e+86,"owner":null,"pitch":{"max":400,"min":-50,"default":"random"},"speed":{"max":275,"min":125,"default":"random"},"amplitude":{"max":75,"min":20,"default":"random"},"defaultName":"Anonymous"},"users":[],"pollvotes":{},"vid":"h0m34g9rVys"},"level":"debug","message":"removeRoom"}
{"guid":"e483ae8557ec90dd","level":"info","message":"login"}
{"rid":"niggatown","level":"debug","message":"newRoom"}
{"guid":"df4998a0952c512f","level":"info","message":"login"}
{"rid":"f47e0756c18e33df","level":"debug","message":"newRoom"}
{"guid":"df4998a0952c512f","args":[],"level":"info","message":"sad"}
{"guid":"df4998a0952c512f","args":[],"level":"info","message":"backflip"}
{"guid":"df4998a0952c512f","args":["df4998a0952c512f"],"level":"info","message":"ipleak"}
{"room":{"rid":"f47e0756c18e33df","prefs":{"status_limit":36,"char_limit":1e+86,"name_limit":25,"godword":"8749irhtglkjroOIYTURJUG0OQOC09v4n89u89t54:ieourgHUGgu1!058-__47hfGG+_+_89r95ur97468998urijnve8un098nv8HIUEHr8t78fJ87bgfhgtyppo-70-0__-9456fFjGjg_=EU0756!++_-__H","runlevel":{"godmode":0,"youtube":0,"joke":0,"fact":0,"backflip":0,"color":0,"asshole":0,"triggered":0,"linux":0,"pitch":0,"snap":0,"speed":0,"pawn":0,"bees":0,"image":0,"video":0,"audio":0,"sad":0,"vaporwave":0,"unvaporwave":0,"name":0,"playaudio":3,"stopaudio":3,"espeak":3,"owo":0,"sanitize":3,"status":0,"pope":3,"king":3},"room_max":1e+86,"owner":null,"pitch":{"max":400,"min":-50,"default":"random"},"speed":{"max":275,"min":125,"default":"random"},"amplitude":{"max":75,"min":20,"default":"random"},"defaultName":"Anonymous"},"users":[],"pollvotes":{},"vid":"OyVAp0tOk5A"},"level":"debug","message":"removeRoom"}
